<?xml version="1.0" encoding="UTF-8" ?>
<testsuite 
errors="0" failures="0" hostname="czp" name="org.apache.spark.sql.catalyst.encoders.ExpressionEncoderSuite" tests="270" time="4.22" timestamp="2020-01-07T15:06:08">
  <properties>
[...]
</properties>
  <testcase 
  name="encode/decode for primitive boolean: false (codegen path)" classname="org.apache.spark.sql.catalyst.encoders.ExpressionEncoderSuite" time="0.06">
</testcase>
  <testcase 
  name="encode/decode for primitive boolean: false (interpreted path)" classname="org.apache.spark.sql.catalyst.encoders.ExpressionEncoderSuite" time="0.004">
</testcase>
  <testcase 
  name="encode/decode for primitive byte: -3 (codegen path)" classname="org.apache.spark.sql.catalyst.encoders.ExpressionEncoderSuite" time="0.028">
</testcase>
  <testcase 
  name="encode/decode for primitive byte: -3 (interpreted path)" classname="org.apache.spark.sql.catalyst.encoders.ExpressionEncoderSuite" time="0.003">
</testcase>
  <testcase 
  name="encode/decode for primitive short: -3 (codegen path)" classname="org.apache.spark.sql.catalyst.encoders.ExpressionEncoderSuite" time="0.026">
</testcase>
  <testcase 
  name="encode/decode for primitive short: -3 (interpreted path)" classname="org.apache.spark.sql.catalyst.encoders.ExpressionEncoderSuite" time="0.004">
</testcase>
  <testcase 
  name="encode/decode for primitive int: -3 (codegen path)" classname="org.apache.spark.sql.catalyst.encoders.ExpressionEncoderSuite" time="0.026">
</testcase>
  <testcase 
  name="encode/decode for primitive int: -3 (interpreted path)" classname="org.apache.spark.sql.catalyst.encoders.ExpressionEncoderSuite" time="0.003">
</testcase>
  <testcase 
  name="encode/decode for primitive long: -3 (codegen path)" classname="org.apache.spark.sql.catalyst.encoders.ExpressionEncoderSuite" time="0.026">
</testcase>
  <testcase 
  name="encode/decode for primitive long: -3 (interpreted path)" classname="org.apache.spark.sql.catalyst.encoders.ExpressionEncoderSuite" time="0.003">
</testcase>
  <testcase 
  name="encode/decode for primitive float: -3.7 (codegen path)" classname="org.apache.spark.sql.catalyst.encoders.ExpressionEncoderSuite" time="0.026">
</testcase>
  <testcase 
  name="encode/decode for primitive float: -3.7 (interpreted path)" classname="org.apache.spark.sql.catalyst.encoders.ExpressionEncoderSuite" time="0.003">
</testcase>
  <testcase 
  name="encode/decode for primitive double: -3.7 (codegen path)" classname="org.apache.spark.sql.catalyst.encoders.ExpressionEncoderSuite" time="0.027">
</testcase>
  <testcase 
  name="encode/decode for primitive double: -3.7 (interpreted path)" classname="org.apache.spark.sql.catalyst.encoders.ExpressionEncoderSuite" time="0.002">
</testcase>
  <testcase 
  name="encode/decode for boxed boolean: false (codegen path)" classname="org.apache.spark.sql.catalyst.encoders.ExpressionEncoderSuite" time="0.028">
</testcase>
  <testcase 
  name="encode/decode for boxed boolean: false (interpreted path)" classname="org.apache.spark.sql.catalyst.encoders.ExpressionEncoderSuite" time="0.003">
</testcase>
  <testcase 
  name="encode/decode for boxed byte: -3 (codegen path)" classname="org.apache.spark.sql.catalyst.encoders.ExpressionEncoderSuite" time="0.028">
</testcase>
  <testcase 
  name="encode/decode for boxed byte: -3 (interpreted path)" classname="org.apache.spark.sql.catalyst.encoders.ExpressionEncoderSuite" time="0.003">
</testcase>
  <testcase 
  name="encode/decode for boxed short: -3 (codegen path)" classname="org.apache.spark.sql.catalyst.encoders.ExpressionEncoderSuite" time="0.027">
</testcase>
  <testcase 
  name="encode/decode for boxed short: -3 (interpreted path)" classname="org.apache.spark.sql.catalyst.encoders.ExpressionEncoderSuite" time="0.003">
</testcase>
  <testcase 
  name="encode/decode for boxed int: -3 (codegen path)" classname="org.apache.spark.sql.catalyst.encoders.ExpressionEncoderSuite" time="0.028">
</testcase>
  <testcase 
  name="encode/decode for boxed int: -3 (interpreted path)" classname="org.apache.spark.sql.catalyst.encoders.ExpressionEncoderSuite" time="0.002">
</testcase>
  <testcase 
  name="encode/decode for boxed long: -3 (codegen path)" classname="org.apache.spark.sql.catalyst.encoders.ExpressionEncoderSuite" time="0.028">
</testcase>
  <testcase 
  name="encode/decode for boxed long: -3 (interpreted path)" classname="org.apache.spark.sql.catalyst.encoders.ExpressionEncoderSuite" time="0.003">
</testcase>
  <testcase 
  name="encode/decode for boxed float: -3.7 (codegen path)" classname="org.apache.spark.sql.catalyst.encoders.ExpressionEncoderSuite" time="0.029">
</testcase>
  <testcase 
  name="encode/decode for boxed float: -3.7 (interpreted path)" classname="org.apache.spark.sql.catalyst.encoders.ExpressionEncoderSuite" time="0.003">
</testcase>
  <testcase 
  name="encode/decode for boxed double: -3.7 (codegen path)" classname="org.apache.spark.sql.catalyst.encoders.ExpressionEncoderSuite" time="0.03">
</testcase>
  <testcase 
  name="encode/decode for boxed double: -3.7 (interpreted path)" classname="org.apache.spark.sql.catalyst.encoders.ExpressionEncoderSuite" time="0.003">
</testcase>
  <testcase 
  name="encode/decode for scala decimal: 32131413.211321313 (codegen path)" classname="org.apache.spark.sql.catalyst.encoders.ExpressionEncoderSuite" time="0.039">
</testcase>
  <testcase 
  name="encode/decode for scala decimal: 32131413.211321313 (interpreted path)" classname="org.apache.spark.sql.catalyst.encoders.ExpressionEncoderSuite" time="0.003">
</testcase>
  <testcase 
  name="encode/decode for java decimal: 231341.23123 (codegen path)" classname="org.apache.spark.sql.catalyst.encoders.ExpressionEncoderSuite" time="0.034">
</testcase>
  <testcase 
  name="encode/decode for java decimal: 231341.23123 (interpreted path)" classname="org.apache.spark.sql.catalyst.encoders.ExpressionEncoderSuite" time="0.002">
</testcase>
  <testcase 
  name="encode/decode for scala biginteger: 23134123123 (codegen path)" classname="org.apache.spark.sql.catalyst.encoders.ExpressionEncoderSuite" time="0.033">
</testcase>
  <testcase 
  name="encode/decode for scala biginteger: 23134123123 (interpreted path)" classname="org.apache.spark.sql.catalyst.encoders.ExpressionEncoderSuite" time="0.003">
</testcase>
  <testcase 
  name="encode/decode for java BigInteger: 23134123123 (codegen path)" classname="org.apache.spark.sql.catalyst.encoders.ExpressionEncoderSuite" time="0.036">
</testcase>
  <testcase 
  name="encode/decode for java BigInteger: 23134123123 (interpreted path)" classname="org.apache.spark.sql.catalyst.encoders.ExpressionEncoderSuite" time="0.003">
</testcase>
  <testcase 
  name="encode/decode for catalyst decimal: 32131413.211321313 (codegen path)" classname="org.apache.spark.sql.catalyst.encoders.ExpressionEncoderSuite" time="0.027">
</testcase>
  <testcase 
  name="encode/decode for catalyst decimal: 32131413.211321313 (interpreted path)" classname="org.apache.spark.sql.catalyst.encoders.ExpressionEncoderSuite" time="0.002">
</testcase>
  <testcase 
  name="encode/decode for string: hello (codegen path)" classname="org.apache.spark.sql.catalyst.encoders.ExpressionEncoderSuite" time="0.032">
</testcase>
  <testcase 
  name="encode/decode for string: hello (interpreted path)" classname="org.apache.spark.sql.catalyst.encoders.ExpressionEncoderSuite" time="0.003">
</testcase>
  <testcase 
  name="encode/decode for date: 2012-12-23 (codegen path)" classname="org.apache.spark.sql.catalyst.encoders.ExpressionEncoderSuite" time="0.034">
</testcase>
  <testcase 
  name="encode/decode for date: 2012-12-23 (interpreted path)" classname="org.apache.spark.sql.catalyst.encoders.ExpressionEncoderSuite" time="0.003">
</testcase>
  <testcase 
  name="encode/decode for timestamp: 2016-01-29 10:00:00.0 (codegen path)" classname="org.apache.spark.sql.catalyst.encoders.ExpressionEncoderSuite" time="0.035">
</testcase>
  <testcase 
  name="encode/decode for timestamp: 2016-01-29 10:00:00.0 (interpreted path)" classname="org.apache.spark.sql.catalyst.encoders.ExpressionEncoderSuite" time="0.002">
</testcase>
  <testcase 
  name="encode/decode for array of timestamp: [Ljava.sql.Timestamp;@7c871ce4 (codegen path)" classname="org.apache.spark.sql.catalyst.encoders.ExpressionEncoderSuite" time="0.039">
</testcase>
  <testcase 
  name="encode/decode for array of timestamp: [Ljava.sql.Timestamp;@7c871ce4 (interpreted path)" classname="org.apache.spark.sql.catalyst.encoders.ExpressionEncoderSuite" time="0.004">
</testcase>
  <testcase 
  name="encode/decode for binary: [B@2c4be45f (codegen path)" classname="org.apache.spark.sql.catalyst.encoders.ExpressionEncoderSuite" time="0.026">
</testcase>
  <testcase 
  name="encode/decode for binary: [B@2c4be45f (interpreted path)" classname="org.apache.spark.sql.catalyst.encoders.ExpressionEncoderSuite" time="0.002">
</testcase>
  <testcase 
  name="encode/decode for seq of int: List(31, -123, 4) (codegen path)" classname="org.apache.spark.sql.catalyst.encoders.ExpressionEncoderSuite" time="0.041">
</testcase>
  <testcase 
  name="encode/decode for seq of int: List(31, -123, 4) (interpreted path)" classname="org.apache.spark.sql.catalyst.encoders.ExpressionEncoderSuite" time="0.003">
</testcase>
  <testcase 
  name="encode/decode for seq of string: List(abc, xyz) (codegen path)" classname="org.apache.spark.sql.catalyst.encoders.ExpressionEncoderSuite" time="0.046">
</testcase>
  <testcase 
  name="encode/decode for seq of string: List(abc, xyz) (interpreted path)" classname="org.apache.spark.sql.catalyst.encoders.ExpressionEncoderSuite" time="0.004">
</testcase>
  <testcase 
  name="encode/decode for seq of string with null: List(abc, null, xyz) (codegen path)" classname="org.apache.spark.sql.catalyst.encoders.ExpressionEncoderSuite" time="0.004">
</testcase>
  <testcase 
  name="encode/decode for seq of string with null: List(abc, null, xyz) (interpreted path)" classname="org.apache.spark.sql.catalyst.encoders.ExpressionEncoderSuite" time="0.004">
</testcase>
  <testcase 
  name="encode/decode for empty seq of int: List() (codegen path)" classname="org.apache.spark.sql.catalyst.encoders.ExpressionEncoderSuite" time="0.003">
</testcase>
  <testcase 
  name="encode/decode for empty seq of int: List() (interpreted path)" classname="org.apache.spark.sql.catalyst.encoders.ExpressionEncoderSuite" time="0.003">
</testcase>
  <testcase 
  name="encode/decode for empty seq of string: List() (codegen path)" classname="org.apache.spark.sql.catalyst.encoders.ExpressionEncoderSuite" time="0.005">
</testcase>
  <testcase 
  name="encode/decode for empty seq of string: List() (interpreted path)" classname="org.apache.spark.sql.catalyst.encoders.ExpressionEncoderSuite" time="0.003">
</testcase>
  <testcase 
  name="encode/decode for seq of seq of int: List(List(31, -123), null, List(4, 67)) (codegen path)" classname="org.apache.spark.sql.catalyst.encoders.ExpressionEncoderSuite" time="0.045">
</testcase>
  <testcase 
  name="encode/decode for seq of seq of int: List(List(31, -123), null, List(4, 67)) (interpreted path)" classname="org.apache.spark.sql.catalyst.encoders.ExpressionEncoderSuite" time="0.005">
</testcase>
  <testcase 
  name="encode/decode for seq of seq of string: List(List(abc, xyz), List(null), null, List(1, null, 2)) (codegen path)" classname="org.apache.spark.sql.catalyst.encoders.ExpressionEncoderSuite" time="0.046">
</testcase>
  <testcase 
  name="encode/decode for seq of seq of string: List(List(abc, xyz), List(null), null, List(1, null, 2)) (interpreted path)" classname="org.apache.spark.sql.catalyst.encoders.ExpressionEncoderSuite" time="0.004">
</testcase>
  <testcase 
  name="encode/decode for array of int: [I@7857cb1d (codegen path)" classname="org.apache.spark.sql.catalyst.encoders.ExpressionEncoderSuite" time="0.033">
</testcase>
  <testcase 
  name="encode/decode for array of int: [I@7857cb1d (interpreted path)" classname="org.apache.spark.sql.catalyst.encoders.ExpressionEncoderSuite" time="0.002">
</testcase>
  <testcase 
  name="encode/decode for array of string: [Ljava.lang.String;@42536da6 (codegen path)" classname="org.apache.spark.sql.catalyst.encoders.ExpressionEncoderSuite" time="0.034">
</testcase>
  <testcase 
  name="encode/decode for array of string: [Ljava.lang.String;@42536da6 (interpreted path)" classname="org.apache.spark.sql.catalyst.encoders.ExpressionEncoderSuite" time="0.003">
</testcase>
  <testcase 
  name="encode/decode for array of string with null: [Ljava.lang.String;@1e592ef2 (codegen path)" classname="org.apache.spark.sql.catalyst.encoders.ExpressionEncoderSuite" time="0.003">
</testcase>
  <testcase 
  name="encode/decode for array of string with null: [Ljava.lang.String;@1e592ef2 (interpreted path)" classname="org.apache.spark.sql.catalyst.encoders.ExpressionEncoderSuite" time="0.003">
</testcase>
  <testcase 
  name="encode/decode for empty array of int: [I@7a51dc38 (codegen path)" classname="org.apache.spark.sql.catalyst.encoders.ExpressionEncoderSuite" time="0.003">
</testcase>
  <testcase 
  name="encode/decode for empty array of int: [I@7a51dc38 (interpreted path)" classname="org.apache.spark.sql.catalyst.encoders.ExpressionEncoderSuite" time="0.003">
</testcase>
  <testcase 
  name="encode/decode for empty array of string: [Ljava.lang.String;@43ca96a0 (codegen path)" classname="org.apache.spark.sql.catalyst.encoders.ExpressionEncoderSuite" time="0.003">
</testcase>
  <testcase 
  name="encode/decode for empty array of string: [Ljava.lang.String;@43ca96a0 (interpreted path)" classname="org.apache.spark.sql.catalyst.encoders.ExpressionEncoderSuite" time="0.003">
</testcase>
  <testcase 
  name="encode/decode for array of array of int: [[I@56e78538 (codegen path)" classname="org.apache.spark.sql.catalyst.encoders.ExpressionEncoderSuite" time="0.032">
</testcase>
  <testcase 
  name="encode/decode for array of array of int: [[I@56e78538 (interpreted path)" classname="org.apache.spark.sql.catalyst.encoders.ExpressionEncoderSuite" time="0.004">
</testcase>
  <testcase 
  name="encode/decode for array of array of string: [[Ljava.lang.String;@67671db1 (codegen path)" classname="org.apache.spark.sql.catalyst.encoders.ExpressionEncoderSuite" time="0.04">
</testcase>
  <testcase 
  name="encode/decode for array of array of string: [[Ljava.lang.String;@67671db1 (interpreted path)" classname="org.apache.spark.sql.catalyst.encoders.ExpressionEncoderSuite" time="0.005">
</testcase>
  <testcase 
  name="encode/decode for map: Map(1 -&gt; a, 2 -&gt; b) (codegen path)" classname="org.apache.spark.sql.catalyst.encoders.ExpressionEncoderSuite" time="0.051">
</testcase>
  <testcase 
  name="encode/decode for map: Map(1 -&gt; a, 2 -&gt; b) (interpreted path)" classname="org.apache.spark.sql.catalyst.encoders.ExpressionEncoderSuite" time="0.003">
</testcase>
  <testcase 
  name="encode/decode for map with null: Map(1 -&gt; a, 2 -&gt; null) (codegen path)" classname="org.apache.spark.sql.catalyst.encoders.ExpressionEncoderSuite" time="0.004">
</testcase>
  <testcase 
  name="encode/decode for map with null: Map(1 -&gt; a, 2 -&gt; null) (interpreted path)" classname="org.apache.spark.sql.catalyst.encoders.ExpressionEncoderSuite" time="0.003">
</testcase>
  <testcase 
  name="encode/decode for map of map: Map(1 -&gt; Map(a -&gt; 1), 2 -&gt; Map(b -&gt; 2)) (codegen path)" classname="org.apache.spark.sql.catalyst.encoders.ExpressionEncoderSuite" time="0.056">
</testcase>
  <testcase 
  name="encode/decode for map of map: Map(1 -&gt; Map(a -&gt; 1), 2 -&gt; Map(b -&gt; 2)) (interpreted path)" classname="org.apache.spark.sql.catalyst.encoders.ExpressionEncoderSuite" time="0.006">
</testcase>
  <testcase 
  name="encode/decode for null seq in tuple: (null) (codegen path)" classname="org.apache.spark.sql.catalyst.encoders.ExpressionEncoderSuite" time="0.038">
</testcase>
  <testcase 
  name="encode/decode for null seq in tuple: (null) (interpreted path)" classname="org.apache.spark.sql.catalyst.encoders.ExpressionEncoderSuite" time="0.003">
</testcase>
  <testcase 
  name="encode/decode for null map in tuple: (null) (codegen path)" classname="org.apache.spark.sql.catalyst.encoders.ExpressionEncoderSuite" time="0.047">
</testcase>
  <testcase 
  name="encode/decode for null map in tuple: (null) (interpreted path)" classname="org.apache.spark.sql.catalyst.encoders.ExpressionEncoderSuite" time="0.003">
</testcase>
  <testcase 
  name="encode/decode for list of int: List(1, 2) (codegen path)" classname="org.apache.spark.sql.catalyst.encoders.ExpressionEncoderSuite" time="0.039">
</testcase>
  <testcase 
  name="encode/decode for list of int: List(1, 2) (interpreted path)" classname="org.apache.spark.sql.catalyst.encoders.ExpressionEncoderSuite" time="0.003">
</testcase>
  <testcase 
  name="encode/decode for list with String and null: List(a, null) (codegen path)" classname="org.apache.spark.sql.catalyst.encoders.ExpressionEncoderSuite" time="0.047">
</testcase>
  <testcase 
  name="encode/decode for list with String and null: List(a, null) (interpreted path)" classname="org.apache.spark.sql.catalyst.encoders.ExpressionEncoderSuite" time="0.003">
</testcase>
  <testcase 
  name="encode/decode for udt with case class: UDTCaseClass(http://spark.apache.org/) (codegen path)" classname="org.apache.spark.sql.catalyst.encoders.ExpressionEncoderSuite" time="0.031">
</testcase>
  <testcase 
  name="encode/decode for udt with case class: UDTCaseClass(http://spark.apache.org/) (interpreted path)" classname="org.apache.spark.sql.catalyst.encoders.ExpressionEncoderSuite" time="0.002">
</testcase>
  <testcase 
  name="encode/decode for kryo string: hello (codegen path)" classname="org.apache.spark.sql.catalyst.encoders.ExpressionEncoderSuite" time="0.041">
</testcase>
  <testcase 
  name="encode/decode for kryo string: hello (interpreted path)" classname="org.apache.spark.sql.catalyst.encoders.ExpressionEncoderSuite" time="0.005">
</testcase>
  <testcase 
  name="encode/decode for kryo object: org.apache.spark.sql.catalyst.encoders.KryoSerializable@f (codegen path)" classname="org.apache.spark.sql.catalyst.encoders.ExpressionEncoderSuite" time="0.028">
</testcase>
  <testcase 
  name="encode/decode for kryo object: org.apache.spark.sql.catalyst.encoders.KryoSerializable@f (interpreted path)" classname="org.apache.spark.sql.catalyst.encoders.ExpressionEncoderSuite" time="0.006">
</testcase>
  <testcase 
  name="encode/decode for java string: hello (codegen path)" classname="org.apache.spark.sql.catalyst.encoders.ExpressionEncoderSuite" time="0.036">
</testcase>
  <testcase 
  name="encode/decode for java string: hello (interpreted path)" classname="org.apache.spark.sql.catalyst.encoders.ExpressionEncoderSuite" time="0.003">
</testcase>
  <testcase 
  name="encode/decode for java object: org.apache.spark.sql.catalyst.encoders.JavaSerializable@f (codegen path)" classname="org.apache.spark.sql.catalyst.encoders.ExpressionEncoderSuite" time="0.02">
</testcase>
  <testcase 
  name="encode/decode for java object: org.apache.spark.sql.catalyst.encoders.JavaSerializable@f (interpreted path)" classname="org.apache.spark.sql.catalyst.encoders.ExpressionEncoderSuite" time="0.002">
</testcase>
  <testcase 
  name="encode/decode for InnerClass: InnerClass(1) (codegen path)" classname="org.apache.spark.sql.catalyst.encoders.ExpressionEncoderSuite" time="0.033">
</testcase>
  <testcase 
  name="encode/decode for InnerClass: InnerClass(1) (interpreted path)" classname="org.apache.spark.sql.catalyst.encoders.ExpressionEncoderSuite" time="0.003">
</testcase>
  <testcase 
  name="encode/decode for array of inner class: [Lorg.apache.spark.sql.catalyst.encoders.ExpressionEncoderSuite$InnerClass;@1e4d93f7 (codegen path)" classname="org.apache.spark.sql.catalyst.encoders.ExpressionEncoderSuite" time="0.036">
</testcase>
  <testcase 
  name="encode/decode for array of inner class: [Lorg.apache.spark.sql.catalyst.encoders.ExpressionEncoderSuite$InnerClass;@1e4d93f7 (interpreted path)" classname="org.apache.spark.sql.catalyst.encoders.ExpressionEncoderSuite" time="0.006">
</testcase>
  <testcase 
  name="encode/decode for array of optional inner class: [Lscala.Option;@31fc658f (codegen path)" classname="org.apache.spark.sql.catalyst.encoders.ExpressionEncoderSuite" time="0.039">
</testcase>
  <testcase 
  name="encode/decode for array of optional inner class: [Lscala.Option;@31fc658f (interpreted path)" classname="org.apache.spark.sql.catalyst.encoders.ExpressionEncoderSuite" time="0.006">
</testcase>
  <testcase 
  name="encode/decode for PrimitiveData: PrimitiveData(1,1,1.0,1.0,1,1,true) (codegen path)" classname="org.apache.spark.sql.catalyst.encoders.ExpressionEncoderSuite" time="0.032">
</testcase>
  <testcase 
  name="encode/decode for PrimitiveData: PrimitiveData(1,1,1.0,1.0,1,1,true) (interpreted path)" classname="org.apache.spark.sql.catalyst.encoders.ExpressionEncoderSuite" time="0.005">
</testcase>
  <testcase 
  name="encode/decode for OptionalData: OptionalData(Some(2),Some(2),Some(2.0),Some(2.0),Some(2),Some(2),Some(true),Some(PrimitiveData(1,1,1.0,1.0,1,1,true))) (codegen path)" classname="org.apache.spark.sql.catalyst.encoders.ExpressionEncoderSuite" time="0.055">
</testcase>
  <testcase 
  name="encode/decode for OptionalData: OptionalData(Some(2),Some(2),Some(2.0),Some(2.0),Some(2),Some(2),Some(true),Some(PrimitiveData(1,1,1.0,1.0,1,1,true))) (interpreted path)" classname="org.apache.spark.sql.catalyst.encoders.ExpressionEncoderSuite" time="0.01">
</testcase>
  <testcase 
  name="encode/decode for OptionalData: OptionalData(None,None,None,None,None,None,None,None) (codegen path)" classname="org.apache.spark.sql.catalyst.encoders.ExpressionEncoderSuite" time="0.016">
</testcase>
  <testcase 
  name="encode/decode for OptionalData: OptionalData(None,None,None,None,None,None,None,None) (interpreted path)" classname="org.apache.spark.sql.catalyst.encoders.ExpressionEncoderSuite" time="0.009">
</testcase>
  <testcase 
  name="encode/decode for Option in array: List(Some(1), None) (codegen path)" classname="org.apache.spark.sql.catalyst.encoders.ExpressionEncoderSuite" time="0.041">
</testcase>
  <testcase 
  name="encode/decode for Option in array: List(Some(1), None) (interpreted path)" classname="org.apache.spark.sql.catalyst.encoders.ExpressionEncoderSuite" time="0.004">
</testcase>
  <testcase 
  name="encode/decode for Option in map: Map(1 -&gt; Some(10), 2 -&gt; Some(20), 3 -&gt; None) (codegen path)" classname="org.apache.spark.sql.catalyst.encoders.ExpressionEncoderSuite" time="0.049">
</testcase>
  <testcase 
  name="encode/decode for Option in map: Map(1 -&gt; Some(10), 2 -&gt; Some(20), 3 -&gt; None) (interpreted path)" classname="org.apache.spark.sql.catalyst.encoders.ExpressionEncoderSuite" time="0.002">
</testcase>
  <testcase 
  name="encode/decode for BoxedData: BoxedData(1,1,1.0,1.0,1,1,true) (codegen path)" classname="org.apache.spark.sql.catalyst.encoders.ExpressionEncoderSuite" time="0.039">
</testcase>
  <testcase 
  name="encode/decode for BoxedData: BoxedData(1,1,1.0,1.0,1,1,true) (interpreted path)" classname="org.apache.spark.sql.catalyst.encoders.ExpressionEncoderSuite" time="0.006">
</testcase>
  <testcase 
  name="encode/decode for BoxedData: BoxedData(null,null,null,null,null,null,null) (codegen path)" classname="org.apache.spark.sql.catalyst.encoders.ExpressionEncoderSuite" time="0.007">
</testcase>
  <testcase 
  name="encode/decode for BoxedData: BoxedData(null,null,null,null,null,null,null) (interpreted path)" classname="org.apache.spark.sql.catalyst.encoders.ExpressionEncoderSuite" time="0.006">
</testcase>
  <testcase 
  name="encode/decode for RepeatedStruct: RepeatedStruct(List(PrimitiveData(1,1,1.0,1.0,1,1,true))) (codegen path)" classname="org.apache.spark.sql.catalyst.encoders.ExpressionEncoderSuite" time="0.052">
</testcase>
  <testcase 
  name="encode/decode for RepeatedStruct: RepeatedStruct(List(PrimitiveData(1,1,1.0,1.0,1,1,true))) (interpreted path)" classname="org.apache.spark.sql.catalyst.encoders.ExpressionEncoderSuite" time="0.009">
</testcase>
  <testcase 
  name="encode/decode for Tuple3: (1,test,PrimitiveData(1,1,1.0,1.0,1,1,true)) (codegen path)" classname="org.apache.spark.sql.catalyst.encoders.ExpressionEncoderSuite" time="0.047">
</testcase>
  <testcase 
  name="encode/decode for Tuple3: (1,test,PrimitiveData(1,1,1.0,1.0,1,1,true)) (interpreted path)" classname="org.apache.spark.sql.catalyst.encoders.ExpressionEncoderSuite" time="0.007">
</testcase>
  <testcase 
  name="encode/decode for RepeatedData: RepeatedData(List(1, 2),List(1, null, 2),Map(1 -&gt; 2),Map(1 -&gt; null),PrimitiveData(1,1,1.0,1.0,1,1,true)) (codegen path)" classname="org.apache.spark.sql.catalyst.encoders.ExpressionEncoderSuite" time="0.069">
</testcase>
  <testcase 
  name="encode/decode for RepeatedData: RepeatedData(List(1, 2),List(1, null, 2),Map(1 -&gt; 2),Map(1 -&gt; null),PrimitiveData(1,1,1.0,1.0,1,1,true)) (interpreted path)" classname="org.apache.spark.sql.catalyst.encoders.ExpressionEncoderSuite" time="0.011">
</testcase>
  <testcase 
  name="encode/decode for NestedArray: NestedArray([[I@47bbf44d) (codegen path)" classname="org.apache.spark.sql.catalyst.encoders.ExpressionEncoderSuite" time="0.036">
</testcase>
  <testcase 
  name="encode/decode for NestedArray: NestedArray([[I@47bbf44d) (interpreted path)" classname="org.apache.spark.sql.catalyst.encoders.ExpressionEncoderSuite" time="0.004">
</testcase>
  <testcase 
  name="encode/decode for Tuple2: (Seq[(String, String)],List((a,b))) (codegen path)" classname="org.apache.spark.sql.catalyst.encoders.ExpressionEncoderSuite" time="0.051">
</testcase>
  <testcase 
  name="encode/decode for Tuple2: (Seq[(String, String)],List((a,b))) (interpreted path)" classname="org.apache.spark.sql.catalyst.encoders.ExpressionEncoderSuite" time="0.006">
</testcase>
  <testcase 
  name="encode/decode for Tuple2: (Seq[(Int, Int)],List((1,2))) (codegen path)" classname="org.apache.spark.sql.catalyst.encoders.ExpressionEncoderSuite" time="0.051">
</testcase>
  <testcase 
  name="encode/decode for Tuple2: (Seq[(Int, Int)],List((1,2))) (interpreted path)" classname="org.apache.spark.sql.catalyst.encoders.ExpressionEncoderSuite" time="0.006">
</testcase>
  <testcase 
  name="encode/decode for Tuple2: (Seq[(Long, Long)],List((1,2))) (codegen path)" classname="org.apache.spark.sql.catalyst.encoders.ExpressionEncoderSuite" time="0.05">
</testcase>
  <testcase 
  name="encode/decode for Tuple2: (Seq[(Long, Long)],List((1,2))) (interpreted path)" classname="org.apache.spark.sql.catalyst.encoders.ExpressionEncoderSuite" time="0.006">
</testcase>
  <testcase 
  name="encode/decode for Tuple2: (Seq[(Float, Float)],List((1.0,2.0))) (codegen path)" classname="org.apache.spark.sql.catalyst.encoders.ExpressionEncoderSuite" time="0.054">
</testcase>
  <testcase 
  name="encode/decode for Tuple2: (Seq[(Float, Float)],List((1.0,2.0))) (interpreted path)" classname="org.apache.spark.sql.catalyst.encoders.ExpressionEncoderSuite" time="0.005">
</testcase>
  <testcase 
  name="encode/decode for Tuple2: (Seq[(Double, Double)],List((1.0,2.0))) (codegen path)" classname="org.apache.spark.sql.catalyst.encoders.ExpressionEncoderSuite" time="0.052">
</testcase>
  <testcase 
  name="encode/decode for Tuple2: (Seq[(Double, Double)],List((1.0,2.0))) (interpreted path)" classname="org.apache.spark.sql.catalyst.encoders.ExpressionEncoderSuite" time="0.005">
</testcase>
  <testcase 
  name="encode/decode for Tuple2: (Seq[(Short, Short)],List((1,2))) (codegen path)" classname="org.apache.spark.sql.catalyst.encoders.ExpressionEncoderSuite" time="0.051">
</testcase>
  <testcase 
  name="encode/decode for Tuple2: (Seq[(Short, Short)],List((1,2))) (interpreted path)" classname="org.apache.spark.sql.catalyst.encoders.ExpressionEncoderSuite" time="0.005">
</testcase>
  <testcase 
  name="encode/decode for Tuple2: (Seq[(Byte, Byte)],List((1,2))) (codegen path)" classname="org.apache.spark.sql.catalyst.encoders.ExpressionEncoderSuite" time="0.053">
</testcase>
  <testcase 
  name="encode/decode for Tuple2: (Seq[(Byte, Byte)],List((1,2))) (interpreted path)" classname="org.apache.spark.sql.catalyst.encoders.ExpressionEncoderSuite" time="0.006">
</testcase>
  <testcase 
  name="encode/decode for Tuple2: (Seq[(Boolean, Boolean)],List((true,false))) (codegen path)" classname="org.apache.spark.sql.catalyst.encoders.ExpressionEncoderSuite" time="0.054">
</testcase>
  <testcase 
  name="encode/decode for Tuple2: (Seq[(Boolean, Boolean)],List((true,false))) (interpreted path)" classname="org.apache.spark.sql.catalyst.encoders.ExpressionEncoderSuite" time="0.005">
</testcase>
  <testcase 
  name="encode/decode for Tuple2: (ArrayBuffer[(String, String)],ArrayBuffer((a,b))) (codegen path)" classname="org.apache.spark.sql.catalyst.encoders.ExpressionEncoderSuite" time="0.067">
</testcase>
  <testcase 
  name="encode/decode for Tuple2: (ArrayBuffer[(String, String)],ArrayBuffer((a,b))) (interpreted path)" classname="org.apache.spark.sql.catalyst.encoders.ExpressionEncoderSuite" time="0.005">
</testcase>
  <testcase 
  name="encode/decode for Tuple2: (ArrayBuffer[(Int, Int)],ArrayBuffer((1,2))) (codegen path)" classname="org.apache.spark.sql.catalyst.encoders.ExpressionEncoderSuite" time="0.055">
</testcase>
  <testcase 
  name="encode/decode for Tuple2: (ArrayBuffer[(Int, Int)],ArrayBuffer((1,2))) (interpreted path)" classname="org.apache.spark.sql.catalyst.encoders.ExpressionEncoderSuite" time="0.006">
</testcase>
  <testcase 
  name="encode/decode for Tuple2: (ArrayBuffer[(Long, Long)],ArrayBuffer((1,2))) (codegen path)" classname="org.apache.spark.sql.catalyst.encoders.ExpressionEncoderSuite" time="0.056">
</testcase>
  <testcase 
  name="encode/decode for Tuple2: (ArrayBuffer[(Long, Long)],ArrayBuffer((1,2))) (interpreted path)" classname="org.apache.spark.sql.catalyst.encoders.ExpressionEncoderSuite" time="0.007">
</testcase>
  <testcase 
  name="encode/decode for Tuple2: (ArrayBuffer[(Float, Float)],ArrayBuffer((1.0,2.0))) (codegen path)" classname="org.apache.spark.sql.catalyst.encoders.ExpressionEncoderSuite" time="0.056">
</testcase>
  <testcase 
  name="encode/decode for Tuple2: (ArrayBuffer[(Float, Float)],ArrayBuffer((1.0,2.0))) (interpreted path)" classname="org.apache.spark.sql.catalyst.encoders.ExpressionEncoderSuite" time="0.006">
</testcase>
  <testcase 
  name="encode/decode for Tuple2: (ArrayBuffer[(Double, Double)],ArrayBuffer((1.0,2.0))) (codegen path)" classname="org.apache.spark.sql.catalyst.encoders.ExpressionEncoderSuite" time="0.058">
</testcase>
  <testcase 
  name="encode/decode for Tuple2: (ArrayBuffer[(Double, Double)],ArrayBuffer((1.0,2.0))) (interpreted path)" classname="org.apache.spark.sql.catalyst.encoders.ExpressionEncoderSuite" time="0.006">
</testcase>
  <testcase 
  name="encode/decode for Tuple2: (ArrayBuffer[(Short, Short)],ArrayBuffer((1,2))) (codegen path)" classname="org.apache.spark.sql.catalyst.encoders.ExpressionEncoderSuite" time="0.055">
</testcase>
  <testcase 
  name="encode/decode for Tuple2: (ArrayBuffer[(Short, Short)],ArrayBuffer((1,2))) (interpreted path)" classname="org.apache.spark.sql.catalyst.encoders.ExpressionEncoderSuite" time="0.005">
</testcase>
  <testcase 
  name="encode/decode for Tuple2: (ArrayBuffer[(Byte, Byte)],ArrayBuffer((1,2))) (codegen path)" classname="org.apache.spark.sql.catalyst.encoders.ExpressionEncoderSuite" time="0.054">
</testcase>
  <testcase 
  name="encode/decode for Tuple2: (ArrayBuffer[(Byte, Byte)],ArrayBuffer((1,2))) (interpreted path)" classname="org.apache.spark.sql.catalyst.encoders.ExpressionEncoderSuite" time="0.005">
</testcase>
  <testcase 
  name="encode/decode for Tuple2: (ArrayBuffer[(Boolean, Boolean)],ArrayBuffer((true,false))) (codegen path)" classname="org.apache.spark.sql.catalyst.encoders.ExpressionEncoderSuite" time="0.056">
</testcase>
  <testcase 
  name="encode/decode for Tuple2: (ArrayBuffer[(Boolean, Boolean)],ArrayBuffer((true,false))) (interpreted path)" classname="org.apache.spark.sql.catalyst.encoders.ExpressionEncoderSuite" time="0.006">
</testcase>
  <testcase 
  name="encode/decode for Tuple2: (Seq[Seq[(Int, Int)]],List(List((1,2)))) (codegen path)" classname="org.apache.spark.sql.catalyst.encoders.ExpressionEncoderSuite" time="0.054">
</testcase>
  <testcase 
  name="encode/decode for Tuple2: (Seq[Seq[(Int, Int)]],List(List((1,2)))) (interpreted path)" classname="org.apache.spark.sql.catalyst.encoders.ExpressionEncoderSuite" time="0.007">
</testcase>
  <testcase 
  name="encode/decode for tuple with 2 flat encoders: (1,10) (codegen path)" classname="org.apache.spark.sql.catalyst.encoders.ExpressionEncoderSuite" time="0.029">
</testcase>
  <testcase 
  name="encode/decode for tuple with 2 flat encoders: (1,10) (interpreted path)" classname="org.apache.spark.sql.catalyst.encoders.ExpressionEncoderSuite" time="0.003">
</testcase>
  <testcase 
  name="encode/decode for tuple with 2 product encoders: (PrimitiveData(1,1,1.0,1.0,1,1,true),(3,30)) (codegen path)" classname="org.apache.spark.sql.catalyst.encoders.ExpressionEncoderSuite" time="0.044">
</testcase>
  <testcase 
  name="encode/decode for tuple with 2 product encoders: (PrimitiveData(1,1,1.0,1.0,1,1,true),(3,30)) (interpreted path)" classname="org.apache.spark.sql.catalyst.encoders.ExpressionEncoderSuite" time="0.008">
</testcase>
  <testcase 
  name="encode/decode for tuple with flat encoder and product encoder: (PrimitiveData(1,1,1.0,1.0,1,1,true),3) (codegen path)" classname="org.apache.spark.sql.catalyst.encoders.ExpressionEncoderSuite" time="0.041">
</testcase>
  <testcase 
  name="encode/decode for tuple with flat encoder and product encoder: (PrimitiveData(1,1,1.0,1.0,1,1,true),3) (interpreted path)" classname="org.apache.spark.sql.catalyst.encoders.ExpressionEncoderSuite" time="0.006">
</testcase>
  <testcase 
  name="encode/decode for tuple with product encoder and flat encoder: (3,PrimitiveData(1,1,1.0,1.0,1,1,true)) (codegen path)" classname="org.apache.spark.sql.catalyst.encoders.ExpressionEncoderSuite" time="0.04">
</testcase>
  <testcase 
  name="encode/decode for tuple with product encoder and flat encoder: (3,PrimitiveData(1,1,1.0,1.0,1,1,true)) (interpreted path)" classname="org.apache.spark.sql.catalyst.encoders.ExpressionEncoderSuite" time="0.008">
</testcase>
  <testcase 
  name="encode/decode for nested tuple encoder: (1,(10,100)) (codegen path)" classname="org.apache.spark.sql.catalyst.encoders.ExpressionEncoderSuite" time="0.038">
</testcase>
  <testcase 
  name="encode/decode for nested tuple encoder: (1,(10,100)) (interpreted path)" classname="org.apache.spark.sql.catalyst.encoders.ExpressionEncoderSuite" time="0.005">
</testcase>
  <testcase 
  name="encode/decode for primitive value class: PrimitiveValueClass(42) (codegen path)" classname="org.apache.spark.sql.catalyst.encoders.ExpressionEncoderSuite" time="0.029">
</testcase>
  <testcase 
  name="encode/decode for primitive value class: PrimitiveValueClass(42) (interpreted path)" classname="org.apache.spark.sql.catalyst.encoders.ExpressionEncoderSuite" time="0.002">
</testcase>
  <testcase 
  name="encode/decode for reference value class: ReferenceValueClass(Container(1)) (codegen path)" classname="org.apache.spark.sql.catalyst.encoders.ExpressionEncoderSuite" time="0.035">
</testcase>
  <testcase 
  name="encode/decode for reference value class: ReferenceValueClass(Container(1)) (interpreted path)" classname="org.apache.spark.sql.catalyst.encoders.ExpressionEncoderSuite" time="0.004">
</testcase>
  <testcase 
  name="encode/decode for option of int: Some(31) (codegen path)" classname="org.apache.spark.sql.catalyst.encoders.ExpressionEncoderSuite" time="0.031">
</testcase>
  <testcase 
  name="encode/decode for option of int: Some(31) (interpreted path)" classname="org.apache.spark.sql.catalyst.encoders.ExpressionEncoderSuite" time="0.002">
</testcase>
  <testcase 
  name="encode/decode for empty option of int: None (codegen path)" classname="org.apache.spark.sql.catalyst.encoders.ExpressionEncoderSuite" time="0.003">
</testcase>
  <testcase 
  name="encode/decode for empty option of int: None (interpreted path)" classname="org.apache.spark.sql.catalyst.encoders.ExpressionEncoderSuite" time="0.003">
</testcase>
  <testcase 
  name="encode/decode for option of string: Some(abc) (codegen path)" classname="org.apache.spark.sql.catalyst.encoders.ExpressionEncoderSuite" time="0.033">
</testcase>
  <testcase 
  name="encode/decode for option of string: Some(abc) (interpreted path)" classname="org.apache.spark.sql.catalyst.encoders.ExpressionEncoderSuite" time="0.003">
</testcase>
  <testcase 
  name="encode/decode for empty option of string: None (codegen path)" classname="org.apache.spark.sql.catalyst.encoders.ExpressionEncoderSuite" time="0.003">
</testcase>
  <testcase 
  name="encode/decode for empty option of string: None (interpreted path)" classname="org.apache.spark.sql.catalyst.encoders.ExpressionEncoderSuite" time="0.002">
</testcase>
  <testcase 
  name="encode/decode for Tuple2: (UDT,org.apache.spark.sql.catalyst.encoders.ExamplePoint@691) (codegen path)" classname="org.apache.spark.sql.catalyst.encoders.ExpressionEncoderSuite" time="0.038">
</testcase>
  <testcase 
  name="encode/decode for Tuple2: (UDT,org.apache.spark.sql.catalyst.encoders.ExamplePoint@691) (interpreted path)" classname="org.apache.spark.sql.catalyst.encoders.ExpressionEncoderSuite" time="0.004">
</testcase>
  <testcase 
  name="nullable of encoder schema (codegen path)" classname="org.apache.spark.sql.catalyst.encoders.ExpressionEncoderSuite" time="0.013">
</testcase>
  <testcase 
  name="nullable of encoder schema (interpreted path)" classname="org.apache.spark.sql.catalyst.encoders.ExpressionEncoderSuite" time="0.007">
</testcase>
  <testcase 
  name="nullable of encoder serializer (codegen path)" classname="org.apache.spark.sql.catalyst.encoders.ExpressionEncoderSuite" time="0.003">
</testcase>
  <testcase 
  name="nullable of encoder serializer (interpreted path)" classname="org.apache.spark.sql.catalyst.encoders.ExpressionEncoderSuite" time="0.001">
</testcase>
  <testcase 
  name="null check for map key: String (codegen path)" classname="org.apache.spark.sql.catalyst.encoders.ExpressionEncoderSuite" time="0.03">
</testcase>
  <testcase 
  name="null check for map key: String (interpreted path)" classname="org.apache.spark.sql.catalyst.encoders.ExpressionEncoderSuite" time="0.002">
</testcase>
  <testcase 
  name="null check for map key: Integer (codegen path)" classname="org.apache.spark.sql.catalyst.encoders.ExpressionEncoderSuite" time="0.028">
</testcase>
  <testcase 
  name="null check for map key: Integer (interpreted path)" classname="org.apache.spark.sql.catalyst.encoders.ExpressionEncoderSuite" time="0.002">
</testcase>
  <testcase 
  name="throw exception for tuples with more than 22 elements (codegen path)" classname="org.apache.spark.sql.catalyst.encoders.ExpressionEncoderSuite" time="0.005">
</testcase>
  <testcase 
  name="throw exception for tuples with more than 22 elements (interpreted path)" classname="org.apache.spark.sql.catalyst.encoders.ExpressionEncoderSuite" time="0.003">
</testcase>
  <testcase 
  name="encode/decode for scala decimal within precision/scale limit: 99999999999999999999.999999999999999999 (codegen path)" classname="org.apache.spark.sql.catalyst.encoders.ExpressionEncoderSuite" time="0.031">
</testcase>
  <testcase 
  name="encode/decode for scala decimal within precision/scale limit: 99999999999999999999.999999999999999999 (interpreted path)" classname="org.apache.spark.sql.catalyst.encoders.ExpressionEncoderSuite" time="0.002">
</testcase>
  <testcase 
  name="encode/decode for java decimal within precision/scale limit: 99999999999999999999.999999999999999999 (codegen path)" classname="org.apache.spark.sql.catalyst.encoders.ExpressionEncoderSuite" time="0.03">
</testcase>
  <testcase 
  name="encode/decode for java decimal within precision/scale limit: 99999999999999999999.999999999999999999 (interpreted path)" classname="org.apache.spark.sql.catalyst.encoders.ExpressionEncoderSuite" time="0.002">
</testcase>
  <testcase 
  name="encode/decode for negative scala decimal within precision/scale limit: -99999999999999999999.999999999999999999 (codegen path)" classname="org.apache.spark.sql.catalyst.encoders.ExpressionEncoderSuite" time="0.002">
</testcase>
  <testcase 
  name="encode/decode for negative scala decimal within precision/scale limit: -99999999999999999999.999999999999999999 (interpreted path)" classname="org.apache.spark.sql.catalyst.encoders.ExpressionEncoderSuite" time="0.002">
</testcase>
  <testcase 
  name="encode/decode for negative java decimal within precision/scale limit: -99999999999999999999.999999999999999999 (codegen path)" classname="org.apache.spark.sql.catalyst.encoders.ExpressionEncoderSuite" time="0.003">
</testcase>
  <testcase 
  name="encode/decode for negative java decimal within precision/scale limit: -99999999999999999999.999999999999999999 (interpreted path)" classname="org.apache.spark.sql.catalyst.encoders.ExpressionEncoderSuite" time="0.002">
</testcase>
  <testcase 
  name="overflowing scala big decimal, ansiEnabled=true (codegen path)" classname="org.apache.spark.sql.catalyst.encoders.ExpressionEncoderSuite" time="0.02">
</testcase>
  <testcase 
  name="overflowing scala big decimal, ansiEnabled=true (interpreted path)" classname="org.apache.spark.sql.catalyst.encoders.ExpressionEncoderSuite" time="0.001">
</testcase>
  <testcase 
  name="overflowing scala big decimal, ansiEnabled=false (codegen path)" classname="org.apache.spark.sql.catalyst.encoders.ExpressionEncoderSuite" time="0.002">
</testcase>
  <testcase 
  name="overflowing scala big decimal, ansiEnabled=false (interpreted path)" classname="org.apache.spark.sql.catalyst.encoders.ExpressionEncoderSuite" time="0.001">
</testcase>
  <testcase 
  name="overflowing java big decimal, ansiEnabled=true (codegen path)" classname="org.apache.spark.sql.catalyst.encoders.ExpressionEncoderSuite" time="0.018">
</testcase>
  <testcase 
  name="overflowing java big decimal, ansiEnabled=true (interpreted path)" classname="org.apache.spark.sql.catalyst.encoders.ExpressionEncoderSuite" time="0.001">
</testcase>
  <testcase 
  name="overflowing java big decimal, ansiEnabled=false (codegen path)" classname="org.apache.spark.sql.catalyst.encoders.ExpressionEncoderSuite" time="0.002">
</testcase>
  <testcase 
  name="overflowing java big decimal, ansiEnabled=false (interpreted path)" classname="org.apache.spark.sql.catalyst.encoders.ExpressionEncoderSuite" time="0.002">
</testcase>
  <testcase 
  name="overflowing negative scala big decimal, ansiEnabled=true (codegen path)" classname="org.apache.spark.sql.catalyst.encoders.ExpressionEncoderSuite" time="0.002">
</testcase>
  <testcase 
  name="overflowing negative scala big decimal, ansiEnabled=true (interpreted path)" classname="org.apache.spark.sql.catalyst.encoders.ExpressionEncoderSuite" time="0.001">
</testcase>
  <testcase 
  name="overflowing negative scala big decimal, ansiEnabled=false (codegen path)" classname="org.apache.spark.sql.catalyst.encoders.ExpressionEncoderSuite" time="0.002">
</testcase>
  <testcase 
  name="overflowing negative scala big decimal, ansiEnabled=false (interpreted path)" classname="org.apache.spark.sql.catalyst.encoders.ExpressionEncoderSuite" time="0.002">
</testcase>
  <testcase 
  name="overflowing negative java big decimal, ansiEnabled=true (codegen path)" classname="org.apache.spark.sql.catalyst.encoders.ExpressionEncoderSuite" time="0.001">
</testcase>
  <testcase 
  name="overflowing negative java big decimal, ansiEnabled=true (interpreted path)" classname="org.apache.spark.sql.catalyst.encoders.ExpressionEncoderSuite" time="0.001">
</testcase>
  <testcase 
  name="overflowing negative java big decimal, ansiEnabled=false (codegen path)" classname="org.apache.spark.sql.catalyst.encoders.ExpressionEncoderSuite" time="0.001">
</testcase>
  <testcase 
  name="overflowing negative java big decimal, ansiEnabled=false (interpreted path)" classname="org.apache.spark.sql.catalyst.encoders.ExpressionEncoderSuite" time="0.001">
</testcase>
  <testcase 
  name="overflowing scala big decimal with fractional part, ansiEnabled=true (codegen path)" classname="org.apache.spark.sql.catalyst.encoders.ExpressionEncoderSuite" time="0.001">
</testcase>
  <testcase 
  name="overflowing scala big decimal with fractional part, ansiEnabled=true (interpreted path)" classname="org.apache.spark.sql.catalyst.encoders.ExpressionEncoderSuite" time="0.001">
</testcase>
  <testcase 
  name="overflowing scala big decimal with fractional part, ansiEnabled=false (codegen path)" classname="org.apache.spark.sql.catalyst.encoders.ExpressionEncoderSuite" time="0.002">
</testcase>
  <testcase 
  name="overflowing scala big decimal with fractional part, ansiEnabled=false (interpreted path)" classname="org.apache.spark.sql.catalyst.encoders.ExpressionEncoderSuite" time="0.001">
</testcase>
  <testcase 
  name="overflowing java big decimal with fractional part, ansiEnabled=true (codegen path)" classname="org.apache.spark.sql.catalyst.encoders.ExpressionEncoderSuite" time="0.001">
</testcase>
  <testcase 
  name="overflowing java big decimal with fractional part, ansiEnabled=true (interpreted path)" classname="org.apache.spark.sql.catalyst.encoders.ExpressionEncoderSuite" time="0.001">
</testcase>
  <testcase 
  name="overflowing java big decimal with fractional part, ansiEnabled=false (codegen path)" classname="org.apache.spark.sql.catalyst.encoders.ExpressionEncoderSuite" time="0.002">
</testcase>
  <testcase 
  name="overflowing java big decimal with fractional part, ansiEnabled=false (interpreted path)" classname="org.apache.spark.sql.catalyst.encoders.ExpressionEncoderSuite" time="0.001">
</testcase>
  <testcase 
  name="overflowing scala big decimal with long fractional part, ansiEnabled=true (codegen path)" classname="org.apache.spark.sql.catalyst.encoders.ExpressionEncoderSuite" time="0.002">
</testcase>
  <testcase 
  name="overflowing scala big decimal with long fractional part, ansiEnabled=true (interpreted path)" classname="org.apache.spark.sql.catalyst.encoders.ExpressionEncoderSuite" time="0.001">
</testcase>
  <testcase 
  name="overflowing scala big decimal with long fractional part, ansiEnabled=false (codegen path)" classname="org.apache.spark.sql.catalyst.encoders.ExpressionEncoderSuite" time="0.001">
</testcase>
  <testcase 
  name="overflowing scala big decimal with long fractional part, ansiEnabled=false (interpreted path)" classname="org.apache.spark.sql.catalyst.encoders.ExpressionEncoderSuite" time="0.002">
</testcase>
  <testcase 
  name="overflowing java big decimal with long fractional part, ansiEnabled=true (codegen path)" classname="org.apache.spark.sql.catalyst.encoders.ExpressionEncoderSuite" time="0.001">
</testcase>
  <testcase 
  name="overflowing java big decimal with long fractional part, ansiEnabled=true (interpreted path)" classname="org.apache.spark.sql.catalyst.encoders.ExpressionEncoderSuite" time="0.001">
</testcase>
  <testcase 
  name="overflowing java big decimal with long fractional part, ansiEnabled=false (codegen path)" classname="org.apache.spark.sql.catalyst.encoders.ExpressionEncoderSuite" time="0.001">
</testcase>
  <testcase 
  name="overflowing java big decimal with long fractional part, ansiEnabled=false (interpreted path)" classname="org.apache.spark.sql.catalyst.encoders.ExpressionEncoderSuite" time="0.002">
</testcase>
  <testcase 
  name="encode/decode for scala big integer within precision limit: 99999999999999999999999999999999999999 (codegen path)" classname="org.apache.spark.sql.catalyst.encoders.ExpressionEncoderSuite" time="0.031">
</testcase>
  <testcase 
  name="encode/decode for scala big integer within precision limit: 99999999999999999999999999999999999999 (interpreted path)" classname="org.apache.spark.sql.catalyst.encoders.ExpressionEncoderSuite" time="0.002">
</testcase>
  <testcase 
  name="encode/decode for java big integer within precision limit: 99999999999999999999999999999999999999 (codegen path)" classname="org.apache.spark.sql.catalyst.encoders.ExpressionEncoderSuite" time="0.019">
</testcase>
  <testcase 
  name="encode/decode for java big integer within precision limit: 99999999999999999999999999999999999999 (interpreted path)" classname="org.apache.spark.sql.catalyst.encoders.ExpressionEncoderSuite" time="0.002">
</testcase>
  <testcase 
  name="encode/decode for negative scala big integer within precision limit: -99999999999999999999999999999999999999 (codegen path)" classname="org.apache.spark.sql.catalyst.encoders.ExpressionEncoderSuite" time="0.003">
</testcase>
  <testcase 
  name="encode/decode for negative scala big integer within precision limit: -99999999999999999999999999999999999999 (interpreted path)" classname="org.apache.spark.sql.catalyst.encoders.ExpressionEncoderSuite" time="0.002">
</testcase>
  <testcase 
  name="encode/decode for negative java big integer within precision limit: -99999999999999999999999999999999999999 (codegen path)" classname="org.apache.spark.sql.catalyst.encoders.ExpressionEncoderSuite" time="0.002">
</testcase>
  <testcase 
  name="encode/decode for negative java big integer within precision limit: -99999999999999999999999999999999999999 (interpreted path)" classname="org.apache.spark.sql.catalyst.encoders.ExpressionEncoderSuite" time="0.002">
</testcase>
  <testcase 
  name="overflowing scala big int, ansiEnabled=true (codegen path)" classname="org.apache.spark.sql.catalyst.encoders.ExpressionEncoderSuite" time="0.018">
</testcase>
  <testcase 
  name="overflowing scala big int, ansiEnabled=true (interpreted path)" classname="org.apache.spark.sql.catalyst.encoders.ExpressionEncoderSuite" time="0.001">
</testcase>
  <testcase 
  name="overflowing scala big int, ansiEnabled=false (codegen path)" classname="org.apache.spark.sql.catalyst.encoders.ExpressionEncoderSuite" time="0.001">
</testcase>
  <testcase 
  name="overflowing scala big int, ansiEnabled=false (interpreted path)" classname="org.apache.spark.sql.catalyst.encoders.ExpressionEncoderSuite" time="0.002">
</testcase>
  <testcase 
  name="overflowing java big integer, ansiEnabled=true (codegen path)" classname="org.apache.spark.sql.catalyst.encoders.ExpressionEncoderSuite" time="0.018">
</testcase>
  <testcase 
  name="overflowing java big integer, ansiEnabled=true (interpreted path)" classname="org.apache.spark.sql.catalyst.encoders.ExpressionEncoderSuite" time="0.001">
</testcase>
  <testcase 
  name="overflowing java big integer, ansiEnabled=false (codegen path)" classname="org.apache.spark.sql.catalyst.encoders.ExpressionEncoderSuite" time="0.001">
</testcase>
  <testcase 
  name="overflowing java big integer, ansiEnabled=false (interpreted path)" classname="org.apache.spark.sql.catalyst.encoders.ExpressionEncoderSuite" time="0.002">
</testcase>
  <testcase 
  name="overflowing negative scala big int, ansiEnabled=true (codegen path)" classname="org.apache.spark.sql.catalyst.encoders.ExpressionEncoderSuite" time="0.001">
</testcase>
  <testcase 
  name="overflowing negative scala big int, ansiEnabled=true (interpreted path)" classname="org.apache.spark.sql.catalyst.encoders.ExpressionEncoderSuite" time="0.001">
</testcase>
  <testcase 
  name="overflowing negative scala big int, ansiEnabled=false (codegen path)" classname="org.apache.spark.sql.catalyst.encoders.ExpressionEncoderSuite" time="0.001">
</testcase>
  <testcase 
  name="overflowing negative scala big int, ansiEnabled=false (interpreted path)" classname="org.apache.spark.sql.catalyst.encoders.ExpressionEncoderSuite" time="0.001">
</testcase>
  <testcase 
  name="overflowing negative java big integer, ansiEnabled=true (codegen path)" classname="org.apache.spark.sql.catalyst.encoders.ExpressionEncoderSuite" time="0.001">
</testcase>
  <testcase 
  name="overflowing negative java big integer, ansiEnabled=true (interpreted path)" classname="org.apache.spark.sql.catalyst.encoders.ExpressionEncoderSuite" time="0.001">
</testcase>
  <testcase 
  name="overflowing negative java big integer, ansiEnabled=false (codegen path)" classname="org.apache.spark.sql.catalyst.encoders.ExpressionEncoderSuite" time="0.001">
</testcase>
  <testcase 
  name="overflowing negative java big integer, ansiEnabled=false (interpreted path)" classname="org.apache.spark.sql.catalyst.encoders.ExpressionEncoderSuite" time="0.002">
</testcase>
  <testcase 
  name="overflowing scala very large big int, ansiEnabled=true (codegen path)" classname="org.apache.spark.sql.catalyst.encoders.ExpressionEncoderSuite" time="0.001">
</testcase>
  <testcase 
  name="overflowing scala very large big int, ansiEnabled=true (interpreted path)" classname="org.apache.spark.sql.catalyst.encoders.ExpressionEncoderSuite" time="0.001">
</testcase>
  <testcase 
  name="overflowing scala very large big int, ansiEnabled=false (codegen path)" classname="org.apache.spark.sql.catalyst.encoders.ExpressionEncoderSuite" time="0.001">
</testcase>
  <testcase 
  name="overflowing scala very large big int, ansiEnabled=false (interpreted path)" classname="org.apache.spark.sql.catalyst.encoders.ExpressionEncoderSuite" time="0.002">
</testcase>
  <testcase 
  name="overflowing java very big int, ansiEnabled=true (codegen path)" classname="org.apache.spark.sql.catalyst.encoders.ExpressionEncoderSuite" time="0.0">
</testcase>
  <testcase 
  name="overflowing java very big int, ansiEnabled=true (interpreted path)" classname="org.apache.spark.sql.catalyst.encoders.ExpressionEncoderSuite" time="0.0">
</testcase>
  <testcase 
  name="overflowing java very big int, ansiEnabled=false (codegen path)" classname="org.apache.spark.sql.catalyst.encoders.ExpressionEncoderSuite" time="0.002">
</testcase>
  <testcase 
  name="overflowing java very big int, ansiEnabled=false (interpreted path)" classname="org.apache.spark.sql.catalyst.encoders.ExpressionEncoderSuite" time="0.001">
</testcase>
  <testcase 
  name="encode/decode for makeCopy: (foo,1) (codegen path)" classname="org.apache.spark.sql.catalyst.encoders.ExpressionEncoderSuite" time="0.037">
</testcase>
  <testcase 
  name="encode/decode for makeCopy: (foo,1) (interpreted path)" classname="org.apache.spark.sql.catalyst.encoders.ExpressionEncoderSuite" time="0.003">
</testcase>
  <system-out><![CDATA[]]></system-out>
  <system-err><![CDATA[]]></system-err>
</testsuite>
