<?xml version="1.0" encoding="UTF-8" ?>
<testsuite 
errors="0" failures="0" hostname="czp" name="org.apache.spark.sql.RandomDataGeneratorSuite" tests="389" time="2.989" timestamp="2020-01-07T15:05:03">
  <properties>
[...]
</properties>
  <testcase 
  name="StringType (nullable=true)" classname="org.apache.spark.sql.RandomDataGeneratorSuite" time="0.003">
</testcase>
  <testcase 
  name="StringType (nullable=false)" classname="org.apache.spark.sql.RandomDataGeneratorSuite" time="0.001">
</testcase>
  <testcase 
  name="LongType (nullable=true)" classname="org.apache.spark.sql.RandomDataGeneratorSuite" time="0.0">
</testcase>
  <testcase 
  name="LongType (nullable=false)" classname="org.apache.spark.sql.RandomDataGeneratorSuite" time="0.0">
</testcase>
  <testcase 
  name="IntegerType (nullable=true)" classname="org.apache.spark.sql.RandomDataGeneratorSuite" time="0.0">
</testcase>
  <testcase 
  name="IntegerType (nullable=false)" classname="org.apache.spark.sql.RandomDataGeneratorSuite" time="0.0">
</testcase>
  <testcase 
  name="TimestampType (nullable=true)" classname="org.apache.spark.sql.RandomDataGeneratorSuite" time="0.001">
</testcase>
  <testcase 
  name="TimestampType (nullable=false)" classname="org.apache.spark.sql.RandomDataGeneratorSuite" time="0.0">
</testcase>
  <testcase 
  name="DoubleType (nullable=true)" classname="org.apache.spark.sql.RandomDataGeneratorSuite" time="0.0">
</testcase>
  <testcase 
  name="DoubleType (nullable=false)" classname="org.apache.spark.sql.RandomDataGeneratorSuite" time="0.0">
</testcase>
  <testcase 
  name="DateType (nullable=true)" classname="org.apache.spark.sql.RandomDataGeneratorSuite" time="0.0">
</testcase>
  <testcase 
  name="DateType (nullable=false)" classname="org.apache.spark.sql.RandomDataGeneratorSuite" time="0.0">
</testcase>
  <testcase 
  name="BinaryType (nullable=true)" classname="org.apache.spark.sql.RandomDataGeneratorSuite" time="0.0">
</testcase>
  <testcase 
  name="BinaryType (nullable=false)" classname="org.apache.spark.sql.RandomDataGeneratorSuite" time="0.001">
</testcase>
  <testcase 
  name="BooleanType (nullable=true)" classname="org.apache.spark.sql.RandomDataGeneratorSuite" time="0.0">
</testcase>
  <testcase 
  name="BooleanType (nullable=false)" classname="org.apache.spark.sql.RandomDataGeneratorSuite" time="0.0">
</testcase>
  <testcase 
  name="ByteType (nullable=true)" classname="org.apache.spark.sql.RandomDataGeneratorSuite" time="0.0">
</testcase>
  <testcase 
  name="ByteType (nullable=false)" classname="org.apache.spark.sql.RandomDataGeneratorSuite" time="0.0">
</testcase>
  <testcase 
  name="FloatType (nullable=true)" classname="org.apache.spark.sql.RandomDataGeneratorSuite" time="0.0">
</testcase>
  <testcase 
  name="FloatType (nullable=false)" classname="org.apache.spark.sql.RandomDataGeneratorSuite" time="0.0">
</testcase>
  <testcase 
  name="ShortType (nullable=true)" classname="org.apache.spark.sql.RandomDataGeneratorSuite" time="0.0">
</testcase>
  <testcase 
  name="ShortType (nullable=false)" classname="org.apache.spark.sql.RandomDataGeneratorSuite" time="0.0">
</testcase>
  <testcase 
  name="ArrayType(FloatType,true)" classname="org.apache.spark.sql.RandomDataGeneratorSuite" time="0.0">
</testcase>
  <testcase 
  name="ArrayType(LongType,true)" classname="org.apache.spark.sql.RandomDataGeneratorSuite" time="0.0">
</testcase>
  <testcase 
  name="ArrayType(IntegerType,true)" classname="org.apache.spark.sql.RandomDataGeneratorSuite" time="0.0">
</testcase>
  <testcase 
  name="ArrayType(TimestampType,true)" classname="org.apache.spark.sql.RandomDataGeneratorSuite" time="0.001">
</testcase>
  <testcase 
  name="ArrayType(ByteType,true)" classname="org.apache.spark.sql.RandomDataGeneratorSuite" time="0.0">
</testcase>
  <testcase 
  name="ArrayType(ShortType,true)" classname="org.apache.spark.sql.RandomDataGeneratorSuite" time="0.0">
</testcase>
  <testcase 
  name="ArrayType(DecimalType(20,5),true)" classname="org.apache.spark.sql.RandomDataGeneratorSuite" time="0.0">
</testcase>
  <testcase 
  name="ArrayType(DateType,true)" classname="org.apache.spark.sql.RandomDataGeneratorSuite" time="0.001">
</testcase>
  <testcase 
  name="ArrayType(BooleanType,true)" classname="org.apache.spark.sql.RandomDataGeneratorSuite" time="0.0">
</testcase>
  <testcase 
  name="ArrayType(BinaryType,true)" classname="org.apache.spark.sql.RandomDataGeneratorSuite" time="0.001">
</testcase>
  <testcase 
  name="ArrayType(DecimalType(10,0),true)" classname="org.apache.spark.sql.RandomDataGeneratorSuite" time="0.001">
</testcase>
  <testcase 
  name="ArrayType(StringType,true)" classname="org.apache.spark.sql.RandomDataGeneratorSuite" time="0.04">
</testcase>
  <testcase 
  name="ArrayType(DoubleType,true)" classname="org.apache.spark.sql.RandomDataGeneratorSuite" time="0.0">
</testcase>
  <testcase 
  name="ArrayType(DecimalType(38,18),true)" classname="org.apache.spark.sql.RandomDataGeneratorSuite" time="0.0">
</testcase>
  <testcase 
  name="MapType(StringType,StringType,true)" classname="org.apache.spark.sql.RandomDataGeneratorSuite" time="0.025">
</testcase>
  <testcase 
  name="MapType(StringType,LongType,true)" classname="org.apache.spark.sql.RandomDataGeneratorSuite" time="0.015">
</testcase>
  <testcase 
  name="MapType(StringType,IntegerType,true)" classname="org.apache.spark.sql.RandomDataGeneratorSuite" time="0.02">
</testcase>
  <testcase 
  name="MapType(StringType,DecimalType(20,5),true)" classname="org.apache.spark.sql.RandomDataGeneratorSuite" time="0.021">
</testcase>
  <testcase 
  name="MapType(StringType,TimestampType,true)" classname="org.apache.spark.sql.RandomDataGeneratorSuite" time="0.026">
</testcase>
  <testcase 
  name="MapType(StringType,DoubleType,true)" classname="org.apache.spark.sql.RandomDataGeneratorSuite" time="0.015">
</testcase>
  <testcase 
  name="MapType(StringType,DateType,true)" classname="org.apache.spark.sql.RandomDataGeneratorSuite" time="0.028">
</testcase>
  <testcase 
  name="MapType(StringType,DecimalType(10,0),true)" classname="org.apache.spark.sql.RandomDataGeneratorSuite" time="0.02">
</testcase>
  <testcase 
  name="MapType(StringType,BinaryType,true)" classname="org.apache.spark.sql.RandomDataGeneratorSuite" time="0.026">
</testcase>
  <testcase 
  name="MapType(StringType,BooleanType,true)" classname="org.apache.spark.sql.RandomDataGeneratorSuite" time="0.017">
</testcase>
  <testcase 
  name="MapType(StringType,DecimalType(38,18),true)" classname="org.apache.spark.sql.RandomDataGeneratorSuite" time="0.02">
</testcase>
  <testcase 
  name="MapType(StringType,ByteType,true)" classname="org.apache.spark.sql.RandomDataGeneratorSuite" time="0.032">
</testcase>
  <testcase 
  name="MapType(StringType,FloatType,true)" classname="org.apache.spark.sql.RandomDataGeneratorSuite" time="0.02">
</testcase>
  <testcase 
  name="MapType(StringType,ShortType,true)" classname="org.apache.spark.sql.RandomDataGeneratorSuite" time="0.019">
</testcase>
  <testcase 
  name="MapType(LongType,StringType,true)" classname="org.apache.spark.sql.RandomDataGeneratorSuite" time="0.022">
</testcase>
  <testcase 
  name="MapType(LongType,LongType,true)" classname="org.apache.spark.sql.RandomDataGeneratorSuite" time="0.001">
</testcase>
  <testcase 
  name="MapType(LongType,IntegerType,true)" classname="org.apache.spark.sql.RandomDataGeneratorSuite" time="0.001">
</testcase>
  <testcase 
  name="MapType(LongType,DecimalType(20,5),true)" classname="org.apache.spark.sql.RandomDataGeneratorSuite" time="0.0">
</testcase>
  <testcase 
  name="MapType(LongType,TimestampType,true)" classname="org.apache.spark.sql.RandomDataGeneratorSuite" time="0.001">
</testcase>
  <testcase 
  name="MapType(LongType,DoubleType,true)" classname="org.apache.spark.sql.RandomDataGeneratorSuite" time="0.001">
</testcase>
  <testcase 
  name="MapType(LongType,DateType,true)" classname="org.apache.spark.sql.RandomDataGeneratorSuite" time="0.003">
</testcase>
  <testcase 
  name="MapType(LongType,DecimalType(10,0),true)" classname="org.apache.spark.sql.RandomDataGeneratorSuite" time="0.001">
</testcase>
  <testcase 
  name="MapType(LongType,BinaryType,true)" classname="org.apache.spark.sql.RandomDataGeneratorSuite" time="0.003">
</testcase>
  <testcase 
  name="MapType(LongType,BooleanType,true)" classname="org.apache.spark.sql.RandomDataGeneratorSuite" time="0.0">
</testcase>
  <testcase 
  name="MapType(LongType,DecimalType(38,18),true)" classname="org.apache.spark.sql.RandomDataGeneratorSuite" time="0.001">
</testcase>
  <testcase 
  name="MapType(LongType,ByteType,true)" classname="org.apache.spark.sql.RandomDataGeneratorSuite" time="0.001">
</testcase>
  <testcase 
  name="MapType(LongType,FloatType,true)" classname="org.apache.spark.sql.RandomDataGeneratorSuite" time="0.001">
</testcase>
  <testcase 
  name="MapType(LongType,ShortType,true)" classname="org.apache.spark.sql.RandomDataGeneratorSuite" time="0.0">
</testcase>
  <testcase 
  name="MapType(IntegerType,StringType,true)" classname="org.apache.spark.sql.RandomDataGeneratorSuite" time="0.039">
</testcase>
  <testcase 
  name="MapType(IntegerType,LongType,true)" classname="org.apache.spark.sql.RandomDataGeneratorSuite" time="0.0">
</testcase>
  <testcase 
  name="MapType(IntegerType,IntegerType,true)" classname="org.apache.spark.sql.RandomDataGeneratorSuite" time="0.001">
</testcase>
  <testcase 
  name="MapType(IntegerType,DecimalType(20,5),true)" classname="org.apache.spark.sql.RandomDataGeneratorSuite" time="0.001">
</testcase>
  <testcase 
  name="MapType(IntegerType,TimestampType,true)" classname="org.apache.spark.sql.RandomDataGeneratorSuite" time="0.001">
</testcase>
  <testcase 
  name="MapType(IntegerType,DoubleType,true)" classname="org.apache.spark.sql.RandomDataGeneratorSuite" time="0.0">
</testcase>
  <testcase 
  name="MapType(IntegerType,DateType,true)" classname="org.apache.spark.sql.RandomDataGeneratorSuite" time="0.001">
</testcase>
  <testcase 
  name="MapType(IntegerType,DecimalType(10,0),true)" classname="org.apache.spark.sql.RandomDataGeneratorSuite" time="0.001">
</testcase>
  <testcase 
  name="MapType(IntegerType,BinaryType,true)" classname="org.apache.spark.sql.RandomDataGeneratorSuite" time="0.002">
</testcase>
  <testcase 
  name="MapType(IntegerType,BooleanType,true)" classname="org.apache.spark.sql.RandomDataGeneratorSuite" time="0.0">
</testcase>
  <testcase 
  name="MapType(IntegerType,DecimalType(38,18),true)" classname="org.apache.spark.sql.RandomDataGeneratorSuite" time="0.001">
</testcase>
  <testcase 
  name="MapType(IntegerType,ByteType,true)" classname="org.apache.spark.sql.RandomDataGeneratorSuite" time="0.0">
</testcase>
  <testcase 
  name="MapType(IntegerType,FloatType,true)" classname="org.apache.spark.sql.RandomDataGeneratorSuite" time="0.001">
</testcase>
  <testcase 
  name="MapType(IntegerType,ShortType,true)" classname="org.apache.spark.sql.RandomDataGeneratorSuite" time="0.001">
</testcase>
  <testcase 
  name="MapType(TimestampType,StringType,true)" classname="org.apache.spark.sql.RandomDataGeneratorSuite" time="0.013">
</testcase>
  <testcase 
  name="MapType(TimestampType,LongType,true)" classname="org.apache.spark.sql.RandomDataGeneratorSuite" time="0.0">
</testcase>
  <testcase 
  name="MapType(TimestampType,IntegerType,true)" classname="org.apache.spark.sql.RandomDataGeneratorSuite" time="0.001">
</testcase>
  <testcase 
  name="MapType(TimestampType,DecimalType(20,5),true)" classname="org.apache.spark.sql.RandomDataGeneratorSuite" time="0.001">
</testcase>
  <testcase 
  name="MapType(TimestampType,TimestampType,true)" classname="org.apache.spark.sql.RandomDataGeneratorSuite" time="0.001">
</testcase>
  <testcase 
  name="MapType(TimestampType,DoubleType,true)" classname="org.apache.spark.sql.RandomDataGeneratorSuite" time="0.0">
</testcase>
  <testcase 
  name="MapType(TimestampType,DateType,true)" classname="org.apache.spark.sql.RandomDataGeneratorSuite" time="0.002">
</testcase>
  <testcase 
  name="MapType(TimestampType,DecimalType(10,0),true)" classname="org.apache.spark.sql.RandomDataGeneratorSuite" time="0.001">
</testcase>
  <testcase 
  name="MapType(TimestampType,BinaryType,true)" classname="org.apache.spark.sql.RandomDataGeneratorSuite" time="0.001">
</testcase>
  <testcase 
  name="MapType(TimestampType,BooleanType,true)" classname="org.apache.spark.sql.RandomDataGeneratorSuite" time="0.0">
</testcase>
  <testcase 
  name="MapType(TimestampType,DecimalType(38,18),true)" classname="org.apache.spark.sql.RandomDataGeneratorSuite" time="0.001">
</testcase>
  <testcase 
  name="MapType(TimestampType,ByteType,true)" classname="org.apache.spark.sql.RandomDataGeneratorSuite" time="0.001">
</testcase>
  <testcase 
  name="MapType(TimestampType,FloatType,true)" classname="org.apache.spark.sql.RandomDataGeneratorSuite" time="0.0">
</testcase>
  <testcase 
  name="MapType(TimestampType,ShortType,true)" classname="org.apache.spark.sql.RandomDataGeneratorSuite" time="0.001">
</testcase>
  <testcase 
  name="MapType(DoubleType,StringType,true)" classname="org.apache.spark.sql.RandomDataGeneratorSuite" time="0.02">
</testcase>
  <testcase 
  name="MapType(DoubleType,LongType,true)" classname="org.apache.spark.sql.RandomDataGeneratorSuite" time="0.001">
</testcase>
  <testcase 
  name="MapType(DoubleType,IntegerType,true)" classname="org.apache.spark.sql.RandomDataGeneratorSuite" time="0.001">
</testcase>
  <testcase 
  name="MapType(DoubleType,DecimalType(20,5),true)" classname="org.apache.spark.sql.RandomDataGeneratorSuite" time="0.001">
</testcase>
  <testcase 
  name="MapType(DoubleType,TimestampType,true)" classname="org.apache.spark.sql.RandomDataGeneratorSuite" time="0.001">
</testcase>
  <testcase 
  name="MapType(DoubleType,DoubleType,true)" classname="org.apache.spark.sql.RandomDataGeneratorSuite" time="0.001">
</testcase>
  <testcase 
  name="MapType(DoubleType,DateType,true)" classname="org.apache.spark.sql.RandomDataGeneratorSuite" time="0.001">
</testcase>
  <testcase 
  name="MapType(DoubleType,DecimalType(10,0),true)" classname="org.apache.spark.sql.RandomDataGeneratorSuite" time="0.001">
</testcase>
  <testcase 
  name="MapType(DoubleType,BinaryType,true)" classname="org.apache.spark.sql.RandomDataGeneratorSuite" time="0.001">
</testcase>
  <testcase 
  name="MapType(DoubleType,BooleanType,true)" classname="org.apache.spark.sql.RandomDataGeneratorSuite" time="0.001">
</testcase>
  <testcase 
  name="MapType(DoubleType,DecimalType(38,18),true)" classname="org.apache.spark.sql.RandomDataGeneratorSuite" time="0.001">
</testcase>
  <testcase 
  name="MapType(DoubleType,ByteType,true)" classname="org.apache.spark.sql.RandomDataGeneratorSuite" time="0.001">
</testcase>
  <testcase 
  name="MapType(DoubleType,FloatType,true)" classname="org.apache.spark.sql.RandomDataGeneratorSuite" time="0.001">
</testcase>
  <testcase 
  name="MapType(DoubleType,ShortType,true)" classname="org.apache.spark.sql.RandomDataGeneratorSuite" time="0.001">
</testcase>
  <testcase 
  name="MapType(DateType,StringType,true)" classname="org.apache.spark.sql.RandomDataGeneratorSuite" time="0.013">
</testcase>
  <testcase 
  name="MapType(DateType,LongType,true)" classname="org.apache.spark.sql.RandomDataGeneratorSuite" time="0.001">
</testcase>
  <testcase 
  name="MapType(DateType,IntegerType,true)" classname="org.apache.spark.sql.RandomDataGeneratorSuite" time="0.001">
</testcase>
  <testcase 
  name="MapType(DateType,DecimalType(20,5),true)" classname="org.apache.spark.sql.RandomDataGeneratorSuite" time="0.001">
</testcase>
  <testcase 
  name="MapType(DateType,TimestampType,true)" classname="org.apache.spark.sql.RandomDataGeneratorSuite" time="0.001">
</testcase>
  <testcase 
  name="MapType(DateType,DoubleType,true)" classname="org.apache.spark.sql.RandomDataGeneratorSuite" time="0.0">
</testcase>
  <testcase 
  name="MapType(DateType,DateType,true)" classname="org.apache.spark.sql.RandomDataGeneratorSuite" time="0.001">
</testcase>
  <testcase 
  name="MapType(DateType,DecimalType(10,0),true)" classname="org.apache.spark.sql.RandomDataGeneratorSuite" time="0.001">
</testcase>
  <testcase 
  name="MapType(DateType,BinaryType,true)" classname="org.apache.spark.sql.RandomDataGeneratorSuite" time="0.002">
</testcase>
  <testcase 
  name="MapType(DateType,BooleanType,true)" classname="org.apache.spark.sql.RandomDataGeneratorSuite" time="0.0">
</testcase>
  <testcase 
  name="MapType(DateType,DecimalType(38,18),true)" classname="org.apache.spark.sql.RandomDataGeneratorSuite" time="0.001">
</testcase>
  <testcase 
  name="MapType(DateType,ByteType,true)" classname="org.apache.spark.sql.RandomDataGeneratorSuite" time="0.001">
</testcase>
  <testcase 
  name="MapType(DateType,FloatType,true)" classname="org.apache.spark.sql.RandomDataGeneratorSuite" time="0.001">
</testcase>
  <testcase 
  name="MapType(DateType,ShortType,true)" classname="org.apache.spark.sql.RandomDataGeneratorSuite" time="0.0">
</testcase>
  <testcase 
  name="MapType(BinaryType,StringType,true)" classname="org.apache.spark.sql.RandomDataGeneratorSuite" time="0.011">
</testcase>
  <testcase 
  name="MapType(BinaryType,LongType,true)" classname="org.apache.spark.sql.RandomDataGeneratorSuite" time="0.001">
</testcase>
  <testcase 
  name="MapType(BinaryType,IntegerType,true)" classname="org.apache.spark.sql.RandomDataGeneratorSuite" time="0.001">
</testcase>
  <testcase 
  name="MapType(BinaryType,DecimalType(20,5),true)" classname="org.apache.spark.sql.RandomDataGeneratorSuite" time="0.001">
</testcase>
  <testcase 
  name="MapType(BinaryType,TimestampType,true)" classname="org.apache.spark.sql.RandomDataGeneratorSuite" time="0.0">
</testcase>
  <testcase 
  name="MapType(BinaryType,DoubleType,true)" classname="org.apache.spark.sql.RandomDataGeneratorSuite" time="0.002">
</testcase>
  <testcase 
  name="MapType(BinaryType,DateType,true)" classname="org.apache.spark.sql.RandomDataGeneratorSuite" time="0.001">
</testcase>
  <testcase 
  name="MapType(BinaryType,DecimalType(10,0),true)" classname="org.apache.spark.sql.RandomDataGeneratorSuite" time="0.001">
</testcase>
  <testcase 
  name="MapType(BinaryType,BinaryType,true)" classname="org.apache.spark.sql.RandomDataGeneratorSuite" time="0.003">
</testcase>
  <testcase 
  name="MapType(BinaryType,BooleanType,true)" classname="org.apache.spark.sql.RandomDataGeneratorSuite" time="0.003">
</testcase>
  <testcase 
  name="MapType(BinaryType,DecimalType(38,18),true)" classname="org.apache.spark.sql.RandomDataGeneratorSuite" time="0.002">
</testcase>
  <testcase 
  name="MapType(BinaryType,ByteType,true)" classname="org.apache.spark.sql.RandomDataGeneratorSuite" time="0.001">
</testcase>
  <testcase 
  name="MapType(BinaryType,FloatType,true)" classname="org.apache.spark.sql.RandomDataGeneratorSuite" time="0.001">
</testcase>
  <testcase 
  name="MapType(BinaryType,ShortType,true)" classname="org.apache.spark.sql.RandomDataGeneratorSuite" time="0.001">
</testcase>
  <testcase 
  name="MapType(BooleanType,StringType,true)" classname="org.apache.spark.sql.RandomDataGeneratorSuite" time="0.001">
</testcase>
  <testcase 
  name="MapType(BooleanType,LongType,true)" classname="org.apache.spark.sql.RandomDataGeneratorSuite" time="0.001">
</testcase>
  <testcase 
  name="MapType(BooleanType,IntegerType,true)" classname="org.apache.spark.sql.RandomDataGeneratorSuite" time="0.0">
</testcase>
  <testcase 
  name="MapType(BooleanType,DecimalType(20,5),true)" classname="org.apache.spark.sql.RandomDataGeneratorSuite" time="0.0">
</testcase>
  <testcase 
  name="MapType(BooleanType,TimestampType,true)" classname="org.apache.spark.sql.RandomDataGeneratorSuite" time="0.001">
</testcase>
  <testcase 
  name="MapType(BooleanType,DoubleType,true)" classname="org.apache.spark.sql.RandomDataGeneratorSuite" time="0.0">
</testcase>
  <testcase 
  name="MapType(BooleanType,DateType,true)" classname="org.apache.spark.sql.RandomDataGeneratorSuite" time="0.0">
</testcase>
  <testcase 
  name="MapType(BooleanType,DecimalType(10,0),true)" classname="org.apache.spark.sql.RandomDataGeneratorSuite" time="0.001">
</testcase>
  <testcase 
  name="MapType(BooleanType,BinaryType,true)" classname="org.apache.spark.sql.RandomDataGeneratorSuite" time="0.0">
</testcase>
  <testcase 
  name="MapType(BooleanType,BooleanType,true)" classname="org.apache.spark.sql.RandomDataGeneratorSuite" time="0.0">
</testcase>
  <testcase 
  name="MapType(BooleanType,DecimalType(38,18),true)" classname="org.apache.spark.sql.RandomDataGeneratorSuite" time="0.001">
</testcase>
  <testcase 
  name="MapType(BooleanType,ByteType,true)" classname="org.apache.spark.sql.RandomDataGeneratorSuite" time="0.0">
</testcase>
  <testcase 
  name="MapType(BooleanType,FloatType,true)" classname="org.apache.spark.sql.RandomDataGeneratorSuite" time="0.001">
</testcase>
  <testcase 
  name="MapType(BooleanType,ShortType,true)" classname="org.apache.spark.sql.RandomDataGeneratorSuite" time="0.0">
</testcase>
  <testcase 
  name="MapType(ByteType,StringType,true)" classname="org.apache.spark.sql.RandomDataGeneratorSuite" time="0.014">
</testcase>
  <testcase 
  name="MapType(ByteType,LongType,true)" classname="org.apache.spark.sql.RandomDataGeneratorSuite" time="0.001">
</testcase>
  <testcase 
  name="MapType(ByteType,IntegerType,true)" classname="org.apache.spark.sql.RandomDataGeneratorSuite" time="0.0">
</testcase>
  <testcase 
  name="MapType(ByteType,DecimalType(20,5),true)" classname="org.apache.spark.sql.RandomDataGeneratorSuite" time="0.001">
</testcase>
  <testcase 
  name="MapType(ByteType,TimestampType,true)" classname="org.apache.spark.sql.RandomDataGeneratorSuite" time="0.0">
</testcase>
  <testcase 
  name="MapType(ByteType,DoubleType,true)" classname="org.apache.spark.sql.RandomDataGeneratorSuite" time="0.001">
</testcase>
  <testcase 
  name="MapType(ByteType,DateType,true)" classname="org.apache.spark.sql.RandomDataGeneratorSuite" time="0.001">
</testcase>
  <testcase 
  name="MapType(ByteType,DecimalType(10,0),true)" classname="org.apache.spark.sql.RandomDataGeneratorSuite" time="0.0">
</testcase>
  <testcase 
  name="MapType(ByteType,BinaryType,true)" classname="org.apache.spark.sql.RandomDataGeneratorSuite" time="0.002">
</testcase>
  <testcase 
  name="MapType(ByteType,BooleanType,true)" classname="org.apache.spark.sql.RandomDataGeneratorSuite" time="0.001">
</testcase>
  <testcase 
  name="MapType(ByteType,DecimalType(38,18),true)" classname="org.apache.spark.sql.RandomDataGeneratorSuite" time="0.0">
</testcase>
  <testcase 
  name="MapType(ByteType,ByteType,true)" classname="org.apache.spark.sql.RandomDataGeneratorSuite" time="0.001">
</testcase>
  <testcase 
  name="MapType(ByteType,FloatType,true)" classname="org.apache.spark.sql.RandomDataGeneratorSuite" time="0.001">
</testcase>
  <testcase 
  name="MapType(ByteType,ShortType,true)" classname="org.apache.spark.sql.RandomDataGeneratorSuite" time="0.0">
</testcase>
  <testcase 
  name="MapType(FloatType,StringType,true)" classname="org.apache.spark.sql.RandomDataGeneratorSuite" time="0.025">
</testcase>
  <testcase 
  name="MapType(FloatType,LongType,true)" classname="org.apache.spark.sql.RandomDataGeneratorSuite" time="0.002">
</testcase>
  <testcase 
  name="MapType(FloatType,IntegerType,true)" classname="org.apache.spark.sql.RandomDataGeneratorSuite" time="0.001">
</testcase>
  <testcase 
  name="MapType(FloatType,DecimalType(20,5),true)" classname="org.apache.spark.sql.RandomDataGeneratorSuite" time="0.001">
</testcase>
  <testcase 
  name="MapType(FloatType,TimestampType,true)" classname="org.apache.spark.sql.RandomDataGeneratorSuite" time="0.0">
</testcase>
  <testcase 
  name="MapType(FloatType,DoubleType,true)" classname="org.apache.spark.sql.RandomDataGeneratorSuite" time="0.002">
</testcase>
  <testcase 
  name="MapType(FloatType,DateType,true)" classname="org.apache.spark.sql.RandomDataGeneratorSuite" time="0.0">
</testcase>
  <testcase 
  name="MapType(FloatType,DecimalType(10,0),true)" classname="org.apache.spark.sql.RandomDataGeneratorSuite" time="0.001">
</testcase>
  <testcase 
  name="MapType(FloatType,BinaryType,true)" classname="org.apache.spark.sql.RandomDataGeneratorSuite" time="0.002">
</testcase>
  <testcase 
  name="MapType(FloatType,BooleanType,true)" classname="org.apache.spark.sql.RandomDataGeneratorSuite" time="0.001">
</testcase>
  <testcase 
  name="MapType(FloatType,DecimalType(38,18),true)" classname="org.apache.spark.sql.RandomDataGeneratorSuite" time="0.001">
</testcase>
  <testcase 
  name="MapType(FloatType,ByteType,true)" classname="org.apache.spark.sql.RandomDataGeneratorSuite" time="0.001">
</testcase>
  <testcase 
  name="MapType(FloatType,FloatType,true)" classname="org.apache.spark.sql.RandomDataGeneratorSuite" time="0.001">
</testcase>
  <testcase 
  name="MapType(FloatType,ShortType,true)" classname="org.apache.spark.sql.RandomDataGeneratorSuite" time="0.0">
</testcase>
  <testcase 
  name="MapType(ShortType,StringType,true)" classname="org.apache.spark.sql.RandomDataGeneratorSuite" time="0.037">
</testcase>
  <testcase 
  name="MapType(ShortType,LongType,true)" classname="org.apache.spark.sql.RandomDataGeneratorSuite" time="0.0">
</testcase>
  <testcase 
  name="MapType(ShortType,IntegerType,true)" classname="org.apache.spark.sql.RandomDataGeneratorSuite" time="0.001">
</testcase>
  <testcase 
  name="MapType(ShortType,DecimalType(20,5),true)" classname="org.apache.spark.sql.RandomDataGeneratorSuite" time="0.0">
</testcase>
  <testcase 
  name="MapType(ShortType,TimestampType,true)" classname="org.apache.spark.sql.RandomDataGeneratorSuite" time="0.001">
</testcase>
  <testcase 
  name="MapType(ShortType,DoubleType,true)" classname="org.apache.spark.sql.RandomDataGeneratorSuite" time="0.001">
</testcase>
  <testcase 
  name="MapType(ShortType,DateType,true)" classname="org.apache.spark.sql.RandomDataGeneratorSuite" time="0.0">
</testcase>
  <testcase 
  name="MapType(ShortType,DecimalType(10,0),true)" classname="org.apache.spark.sql.RandomDataGeneratorSuite" time="0.001">
</testcase>
  <testcase 
  name="MapType(ShortType,BinaryType,true)" classname="org.apache.spark.sql.RandomDataGeneratorSuite" time="0.001">
</testcase>
  <testcase 
  name="MapType(ShortType,BooleanType,true)" classname="org.apache.spark.sql.RandomDataGeneratorSuite" time="0.001">
</testcase>
  <testcase 
  name="MapType(ShortType,DecimalType(38,18),true)" classname="org.apache.spark.sql.RandomDataGeneratorSuite" time="0.0">
</testcase>
  <testcase 
  name="MapType(ShortType,ByteType,true)" classname="org.apache.spark.sql.RandomDataGeneratorSuite" time="0.001">
</testcase>
  <testcase 
  name="MapType(ShortType,FloatType,true)" classname="org.apache.spark.sql.RandomDataGeneratorSuite" time="0.0">
</testcase>
  <testcase 
  name="MapType(ShortType,ShortType,true)" classname="org.apache.spark.sql.RandomDataGeneratorSuite" time="0.001">
</testcase>
  <testcase 
  name="StructType(StructField(a,StringType,true), StructField(b,StringType,true))" classname="org.apache.spark.sql.RandomDataGeneratorSuite" time="0.001">
</testcase>
  <testcase 
  name="StructType(StructField(a,StringType,true), StructField(b,LongType,true))" classname="org.apache.spark.sql.RandomDataGeneratorSuite" time="0.0">
</testcase>
  <testcase 
  name="StructType(StructField(a,StringType,true), StructField(b,IntegerType,true))" classname="org.apache.spark.sql.RandomDataGeneratorSuite" time="0.0">
</testcase>
  <testcase 
  name="StructType(StructField(a,StringType,true), StructField(b,DecimalType(20,5),true))" classname="org.apache.spark.sql.RandomDataGeneratorSuite" time="0.001">
</testcase>
  <testcase 
  name="StructType(StructField(a,StringType,true), StructField(b,TimestampType,true))" classname="org.apache.spark.sql.RandomDataGeneratorSuite" time="0.0">
</testcase>
  <testcase 
  name="StructType(StructField(a,StringType,true), StructField(b,DoubleType,true))" classname="org.apache.spark.sql.RandomDataGeneratorSuite" time="0.0">
</testcase>
  <testcase 
  name="StructType(StructField(a,StringType,true), StructField(b,DateType,true))" classname="org.apache.spark.sql.RandomDataGeneratorSuite" time="0.0">
</testcase>
  <testcase 
  name="StructType(StructField(a,StringType,true), StructField(b,DecimalType(10,0),true))" classname="org.apache.spark.sql.RandomDataGeneratorSuite" time="0.0">
</testcase>
  <testcase 
  name="StructType(StructField(a,StringType,true), StructField(b,BinaryType,true))" classname="org.apache.spark.sql.RandomDataGeneratorSuite" time="0.0">
</testcase>
  <testcase 
  name="StructType(StructField(a,StringType,true), StructField(b,BooleanType,true))" classname="org.apache.spark.sql.RandomDataGeneratorSuite" time="0.0">
</testcase>
  <testcase 
  name="StructType(StructField(a,StringType,true), StructField(b,DecimalType(38,18),true))" classname="org.apache.spark.sql.RandomDataGeneratorSuite" time="0.001">
</testcase>
  <testcase 
  name="StructType(StructField(a,StringType,true), StructField(b,ByteType,true))" classname="org.apache.spark.sql.RandomDataGeneratorSuite" time="0.0">
</testcase>
  <testcase 
  name="StructType(StructField(a,StringType,true), StructField(b,FloatType,true))" classname="org.apache.spark.sql.RandomDataGeneratorSuite" time="0.0">
</testcase>
  <testcase 
  name="StructType(StructField(a,StringType,true), StructField(b,ShortType,true))" classname="org.apache.spark.sql.RandomDataGeneratorSuite" time="0.0">
</testcase>
  <testcase 
  name="StructType(StructField(a,LongType,true), StructField(b,StringType,true))" classname="org.apache.spark.sql.RandomDataGeneratorSuite" time="0.0">
</testcase>
  <testcase 
  name="StructType(StructField(a,LongType,true), StructField(b,LongType,true))" classname="org.apache.spark.sql.RandomDataGeneratorSuite" time="0.0">
</testcase>
  <testcase 
  name="StructType(StructField(a,LongType,true), StructField(b,IntegerType,true))" classname="org.apache.spark.sql.RandomDataGeneratorSuite" time="0.0">
</testcase>
  <testcase 
  name="StructType(StructField(a,LongType,true), StructField(b,DecimalType(20,5),true))" classname="org.apache.spark.sql.RandomDataGeneratorSuite" time="0.0">
</testcase>
  <testcase 
  name="StructType(StructField(a,LongType,true), StructField(b,TimestampType,true))" classname="org.apache.spark.sql.RandomDataGeneratorSuite" time="0.0">
</testcase>
  <testcase 
  name="StructType(StructField(a,LongType,true), StructField(b,DoubleType,true))" classname="org.apache.spark.sql.RandomDataGeneratorSuite" time="0.0">
</testcase>
  <testcase 
  name="StructType(StructField(a,LongType,true), StructField(b,DateType,true))" classname="org.apache.spark.sql.RandomDataGeneratorSuite" time="0.0">
</testcase>
  <testcase 
  name="StructType(StructField(a,LongType,true), StructField(b,DecimalType(10,0),true))" classname="org.apache.spark.sql.RandomDataGeneratorSuite" time="0.0">
</testcase>
  <testcase 
  name="StructType(StructField(a,LongType,true), StructField(b,BinaryType,true))" classname="org.apache.spark.sql.RandomDataGeneratorSuite" time="0.001">
</testcase>
  <testcase 
  name="StructType(StructField(a,LongType,true), StructField(b,BooleanType,true))" classname="org.apache.spark.sql.RandomDataGeneratorSuite" time="0.0">
</testcase>
  <testcase 
  name="StructType(StructField(a,LongType,true), StructField(b,DecimalType(38,18),true))" classname="org.apache.spark.sql.RandomDataGeneratorSuite" time="0.0">
</testcase>
  <testcase 
  name="StructType(StructField(a,LongType,true), StructField(b,ByteType,true))" classname="org.apache.spark.sql.RandomDataGeneratorSuite" time="0.0">
</testcase>
  <testcase 
  name="StructType(StructField(a,LongType,true), StructField(b,FloatType,true))" classname="org.apache.spark.sql.RandomDataGeneratorSuite" time="0.0">
</testcase>
  <testcase 
  name="StructType(StructField(a,LongType,true), StructField(b,ShortType,true))" classname="org.apache.spark.sql.RandomDataGeneratorSuite" time="0.0">
</testcase>
  <testcase 
  name="StructType(StructField(a,IntegerType,true), StructField(b,StringType,true))" classname="org.apache.spark.sql.RandomDataGeneratorSuite" time="0.0">
</testcase>
  <testcase 
  name="StructType(StructField(a,IntegerType,true), StructField(b,LongType,true))" classname="org.apache.spark.sql.RandomDataGeneratorSuite" time="0.0">
</testcase>
  <testcase 
  name="StructType(StructField(a,IntegerType,true), StructField(b,IntegerType,true))" classname="org.apache.spark.sql.RandomDataGeneratorSuite" time="0.0">
</testcase>
  <testcase 
  name="StructType(StructField(a,IntegerType,true), StructField(b,DecimalType(20,5),true))" classname="org.apache.spark.sql.RandomDataGeneratorSuite" time="0.0">
</testcase>
  <testcase 
  name="StructType(StructField(a,IntegerType,true), StructField(b,TimestampType,true))" classname="org.apache.spark.sql.RandomDataGeneratorSuite" time="0.0">
</testcase>
  <testcase 
  name="StructType(StructField(a,IntegerType,true), StructField(b,DoubleType,true))" classname="org.apache.spark.sql.RandomDataGeneratorSuite" time="0.0">
</testcase>
  <testcase 
  name="StructType(StructField(a,IntegerType,true), StructField(b,DateType,true))" classname="org.apache.spark.sql.RandomDataGeneratorSuite" time="0.0">
</testcase>
  <testcase 
  name="StructType(StructField(a,IntegerType,true), StructField(b,DecimalType(10,0),true))" classname="org.apache.spark.sql.RandomDataGeneratorSuite" time="0.0">
</testcase>
  <testcase 
  name="StructType(StructField(a,IntegerType,true), StructField(b,BinaryType,true))" classname="org.apache.spark.sql.RandomDataGeneratorSuite" time="0.0">
</testcase>
  <testcase 
  name="StructType(StructField(a,IntegerType,true), StructField(b,BooleanType,true))" classname="org.apache.spark.sql.RandomDataGeneratorSuite" time="0.0">
</testcase>
  <testcase 
  name="StructType(StructField(a,IntegerType,true), StructField(b,DecimalType(38,18),true))" classname="org.apache.spark.sql.RandomDataGeneratorSuite" time="0.0">
</testcase>
  <testcase 
  name="StructType(StructField(a,IntegerType,true), StructField(b,ByteType,true))" classname="org.apache.spark.sql.RandomDataGeneratorSuite" time="0.0">
</testcase>
  <testcase 
  name="StructType(StructField(a,IntegerType,true), StructField(b,FloatType,true))" classname="org.apache.spark.sql.RandomDataGeneratorSuite" time="0.0">
</testcase>
  <testcase 
  name="StructType(StructField(a,IntegerType,true), StructField(b,ShortType,true))" classname="org.apache.spark.sql.RandomDataGeneratorSuite" time="0.0">
</testcase>
  <testcase 
  name="StructType(StructField(a,DecimalType(20,5),true), StructField(b,StringType,true))" classname="org.apache.spark.sql.RandomDataGeneratorSuite" time="0.0">
</testcase>
  <testcase 
  name="StructType(StructField(a,DecimalType(20,5),true), StructField(b,LongType,true))" classname="org.apache.spark.sql.RandomDataGeneratorSuite" time="0.0">
</testcase>
  <testcase 
  name="StructType(StructField(a,DecimalType(20,5),true), StructField(b,IntegerType,true))" classname="org.apache.spark.sql.RandomDataGeneratorSuite" time="0.0">
</testcase>
  <testcase 
  name="StructType(StructField(a,DecimalType(20,5),true), StructField(b,DecimalType(20,5),true))" classname="org.apache.spark.sql.RandomDataGeneratorSuite" time="0.0">
</testcase>
  <testcase 
  name="StructType(StructField(a,DecimalType(20,5),true), StructField(b,TimestampType,true))" classname="org.apache.spark.sql.RandomDataGeneratorSuite" time="0.0">
</testcase>
  <testcase 
  name="StructType(StructField(a,DecimalType(20,5),true), StructField(b,DoubleType,true))" classname="org.apache.spark.sql.RandomDataGeneratorSuite" time="0.0">
</testcase>
  <testcase 
  name="StructType(StructField(a,DecimalType(20,5),true), StructField(b,DateType,true))" classname="org.apache.spark.sql.RandomDataGeneratorSuite" time="0.0">
</testcase>
  <testcase 
  name="StructType(StructField(a,DecimalType(20,5),true), StructField(b,DecimalType(10,0),true))" classname="org.apache.spark.sql.RandomDataGeneratorSuite" time="0.0">
</testcase>
  <testcase 
  name="StructType(StructField(a,DecimalType(20,5),true), StructField(b,BinaryType,true))" classname="org.apache.spark.sql.RandomDataGeneratorSuite" time="0.0">
</testcase>
  <testcase 
  name="StructType(StructField(a,DecimalType(20,5),true), StructField(b,BooleanType,true))" classname="org.apache.spark.sql.RandomDataGeneratorSuite" time="0.0">
</testcase>
  <testcase 
  name="StructType(StructField(a,DecimalType(20,5),true), StructField(b,DecimalType(38,18),true))" classname="org.apache.spark.sql.RandomDataGeneratorSuite" time="0.0">
</testcase>
  <testcase 
  name="StructType(StructField(a,DecimalType(20,5),true), StructField(b,ByteType,true))" classname="org.apache.spark.sql.RandomDataGeneratorSuite" time="0.0">
</testcase>
  <testcase 
  name="StructType(StructField(a,DecimalType(20,5),true), StructField(b,FloatType,true))" classname="org.apache.spark.sql.RandomDataGeneratorSuite" time="0.0">
</testcase>
  <testcase 
  name="StructType(StructField(a,DecimalType(20,5),true), StructField(b,ShortType,true))" classname="org.apache.spark.sql.RandomDataGeneratorSuite" time="0.0">
</testcase>
  <testcase 
  name="StructType(StructField(a,TimestampType,true), StructField(b,StringType,true))" classname="org.apache.spark.sql.RandomDataGeneratorSuite" time="0.0">
</testcase>
  <testcase 
  name="StructType(StructField(a,TimestampType,true), StructField(b,LongType,true))" classname="org.apache.spark.sql.RandomDataGeneratorSuite" time="0.0">
</testcase>
  <testcase 
  name="StructType(StructField(a,TimestampType,true), StructField(b,IntegerType,true))" classname="org.apache.spark.sql.RandomDataGeneratorSuite" time="0.0">
</testcase>
  <testcase 
  name="StructType(StructField(a,TimestampType,true), StructField(b,DecimalType(20,5),true))" classname="org.apache.spark.sql.RandomDataGeneratorSuite" time="0.001">
</testcase>
  <testcase 
  name="StructType(StructField(a,TimestampType,true), StructField(b,TimestampType,true))" classname="org.apache.spark.sql.RandomDataGeneratorSuite" time="0.0">
</testcase>
  <testcase 
  name="StructType(StructField(a,TimestampType,true), StructField(b,DoubleType,true))" classname="org.apache.spark.sql.RandomDataGeneratorSuite" time="0.0">
</testcase>
  <testcase 
  name="StructType(StructField(a,TimestampType,true), StructField(b,DateType,true))" classname="org.apache.spark.sql.RandomDataGeneratorSuite" time="0.0">
</testcase>
  <testcase 
  name="StructType(StructField(a,TimestampType,true), StructField(b,DecimalType(10,0),true))" classname="org.apache.spark.sql.RandomDataGeneratorSuite" time="0.0">
</testcase>
  <testcase 
  name="StructType(StructField(a,TimestampType,true), StructField(b,BinaryType,true))" classname="org.apache.spark.sql.RandomDataGeneratorSuite" time="0.0">
</testcase>
  <testcase 
  name="StructType(StructField(a,TimestampType,true), StructField(b,BooleanType,true))" classname="org.apache.spark.sql.RandomDataGeneratorSuite" time="0.0">
</testcase>
  <testcase 
  name="StructType(StructField(a,TimestampType,true), StructField(b,DecimalType(38,18),true))" classname="org.apache.spark.sql.RandomDataGeneratorSuite" time="0.0">
</testcase>
  <testcase 
  name="StructType(StructField(a,TimestampType,true), StructField(b,ByteType,true))" classname="org.apache.spark.sql.RandomDataGeneratorSuite" time="0.0">
</testcase>
  <testcase 
  name="StructType(StructField(a,TimestampType,true), StructField(b,FloatType,true))" classname="org.apache.spark.sql.RandomDataGeneratorSuite" time="0.0">
</testcase>
  <testcase 
  name="StructType(StructField(a,TimestampType,true), StructField(b,ShortType,true))" classname="org.apache.spark.sql.RandomDataGeneratorSuite" time="0.0">
</testcase>
  <testcase 
  name="StructType(StructField(a,DoubleType,true), StructField(b,StringType,true))" classname="org.apache.spark.sql.RandomDataGeneratorSuite" time="0.001">
</testcase>
  <testcase 
  name="StructType(StructField(a,DoubleType,true), StructField(b,LongType,true))" classname="org.apache.spark.sql.RandomDataGeneratorSuite" time="0.0">
</testcase>
  <testcase 
  name="StructType(StructField(a,DoubleType,true), StructField(b,IntegerType,true))" classname="org.apache.spark.sql.RandomDataGeneratorSuite" time="0.0">
</testcase>
  <testcase 
  name="StructType(StructField(a,DoubleType,true), StructField(b,DecimalType(20,5),true))" classname="org.apache.spark.sql.RandomDataGeneratorSuite" time="0.0">
</testcase>
  <testcase 
  name="StructType(StructField(a,DoubleType,true), StructField(b,TimestampType,true))" classname="org.apache.spark.sql.RandomDataGeneratorSuite" time="0.0">
</testcase>
  <testcase 
  name="StructType(StructField(a,DoubleType,true), StructField(b,DoubleType,true))" classname="org.apache.spark.sql.RandomDataGeneratorSuite" time="0.0">
</testcase>
  <testcase 
  name="StructType(StructField(a,DoubleType,true), StructField(b,DateType,true))" classname="org.apache.spark.sql.RandomDataGeneratorSuite" time="0.0">
</testcase>
  <testcase 
  name="StructType(StructField(a,DoubleType,true), StructField(b,DecimalType(10,0),true))" classname="org.apache.spark.sql.RandomDataGeneratorSuite" time="0.0">
</testcase>
  <testcase 
  name="StructType(StructField(a,DoubleType,true), StructField(b,BinaryType,true))" classname="org.apache.spark.sql.RandomDataGeneratorSuite" time="0.0">
</testcase>
  <testcase 
  name="StructType(StructField(a,DoubleType,true), StructField(b,BooleanType,true))" classname="org.apache.spark.sql.RandomDataGeneratorSuite" time="0.0">
</testcase>
  <testcase 
  name="StructType(StructField(a,DoubleType,true), StructField(b,DecimalType(38,18),true))" classname="org.apache.spark.sql.RandomDataGeneratorSuite" time="0.0">
</testcase>
  <testcase 
  name="StructType(StructField(a,DoubleType,true), StructField(b,ByteType,true))" classname="org.apache.spark.sql.RandomDataGeneratorSuite" time="0.0">
</testcase>
  <testcase 
  name="StructType(StructField(a,DoubleType,true), StructField(b,FloatType,true))" classname="org.apache.spark.sql.RandomDataGeneratorSuite" time="0.0">
</testcase>
  <testcase 
  name="StructType(StructField(a,DoubleType,true), StructField(b,ShortType,true))" classname="org.apache.spark.sql.RandomDataGeneratorSuite" time="0.0">
</testcase>
  <testcase 
  name="StructType(StructField(a,DateType,true), StructField(b,StringType,true))" classname="org.apache.spark.sql.RandomDataGeneratorSuite" time="0.0">
</testcase>
  <testcase 
  name="StructType(StructField(a,DateType,true), StructField(b,LongType,true))" classname="org.apache.spark.sql.RandomDataGeneratorSuite" time="0.0">
</testcase>
  <testcase 
  name="StructType(StructField(a,DateType,true), StructField(b,IntegerType,true))" classname="org.apache.spark.sql.RandomDataGeneratorSuite" time="0.0">
</testcase>
  <testcase 
  name="StructType(StructField(a,DateType,true), StructField(b,DecimalType(20,5),true))" classname="org.apache.spark.sql.RandomDataGeneratorSuite" time="0.0">
</testcase>
  <testcase 
  name="StructType(StructField(a,DateType,true), StructField(b,TimestampType,true))" classname="org.apache.spark.sql.RandomDataGeneratorSuite" time="0.0">
</testcase>
  <testcase 
  name="StructType(StructField(a,DateType,true), StructField(b,DoubleType,true))" classname="org.apache.spark.sql.RandomDataGeneratorSuite" time="0.0">
</testcase>
  <testcase 
  name="StructType(StructField(a,DateType,true), StructField(b,DateType,true))" classname="org.apache.spark.sql.RandomDataGeneratorSuite" time="0.0">
</testcase>
  <testcase 
  name="StructType(StructField(a,DateType,true), StructField(b,DecimalType(10,0),true))" classname="org.apache.spark.sql.RandomDataGeneratorSuite" time="0.001">
</testcase>
  <testcase 
  name="StructType(StructField(a,DateType,true), StructField(b,BinaryType,true))" classname="org.apache.spark.sql.RandomDataGeneratorSuite" time="0.0">
</testcase>
  <testcase 
  name="StructType(StructField(a,DateType,true), StructField(b,BooleanType,true))" classname="org.apache.spark.sql.RandomDataGeneratorSuite" time="0.0">
</testcase>
  <testcase 
  name="StructType(StructField(a,DateType,true), StructField(b,DecimalType(38,18),true))" classname="org.apache.spark.sql.RandomDataGeneratorSuite" time="0.0">
</testcase>
  <testcase 
  name="StructType(StructField(a,DateType,true), StructField(b,ByteType,true))" classname="org.apache.spark.sql.RandomDataGeneratorSuite" time="0.0">
</testcase>
  <testcase 
  name="StructType(StructField(a,DateType,true), StructField(b,FloatType,true))" classname="org.apache.spark.sql.RandomDataGeneratorSuite" time="0.0">
</testcase>
  <testcase 
  name="StructType(StructField(a,DateType,true), StructField(b,ShortType,true))" classname="org.apache.spark.sql.RandomDataGeneratorSuite" time="0.0">
</testcase>
  <testcase 
  name="StructType(StructField(a,DecimalType(10,0),true), StructField(b,StringType,true))" classname="org.apache.spark.sql.RandomDataGeneratorSuite" time="0.0">
</testcase>
  <testcase 
  name="StructType(StructField(a,DecimalType(10,0),true), StructField(b,LongType,true))" classname="org.apache.spark.sql.RandomDataGeneratorSuite" time="0.0">
</testcase>
  <testcase 
  name="StructType(StructField(a,DecimalType(10,0),true), StructField(b,IntegerType,true))" classname="org.apache.spark.sql.RandomDataGeneratorSuite" time="0.001">
</testcase>
  <testcase 
  name="StructType(StructField(a,DecimalType(10,0),true), StructField(b,DecimalType(20,5),true))" classname="org.apache.spark.sql.RandomDataGeneratorSuite" time="0.0">
</testcase>
  <testcase 
  name="StructType(StructField(a,DecimalType(10,0),true), StructField(b,TimestampType,true))" classname="org.apache.spark.sql.RandomDataGeneratorSuite" time="0.0">
</testcase>
  <testcase 
  name="StructType(StructField(a,DecimalType(10,0),true), StructField(b,DoubleType,true))" classname="org.apache.spark.sql.RandomDataGeneratorSuite" time="0.0">
</testcase>
  <testcase 
  name="StructType(StructField(a,DecimalType(10,0),true), StructField(b,DateType,true))" classname="org.apache.spark.sql.RandomDataGeneratorSuite" time="0.0">
</testcase>
  <testcase 
  name="StructType(StructField(a,DecimalType(10,0),true), StructField(b,DecimalType(10,0),true))" classname="org.apache.spark.sql.RandomDataGeneratorSuite" time="0.0">
</testcase>
  <testcase 
  name="StructType(StructField(a,DecimalType(10,0),true), StructField(b,BinaryType,true))" classname="org.apache.spark.sql.RandomDataGeneratorSuite" time="0.0">
</testcase>
  <testcase 
  name="StructType(StructField(a,DecimalType(10,0),true), StructField(b,BooleanType,true))" classname="org.apache.spark.sql.RandomDataGeneratorSuite" time="0.0">
</testcase>
  <testcase 
  name="StructType(StructField(a,DecimalType(10,0),true), StructField(b,DecimalType(38,18),true))" classname="org.apache.spark.sql.RandomDataGeneratorSuite" time="0.0">
</testcase>
  <testcase 
  name="StructType(StructField(a,DecimalType(10,0),true), StructField(b,ByteType,true))" classname="org.apache.spark.sql.RandomDataGeneratorSuite" time="0.0">
</testcase>
  <testcase 
  name="StructType(StructField(a,DecimalType(10,0),true), StructField(b,FloatType,true))" classname="org.apache.spark.sql.RandomDataGeneratorSuite" time="0.001">
</testcase>
  <testcase 
  name="StructType(StructField(a,DecimalType(10,0),true), StructField(b,ShortType,true))" classname="org.apache.spark.sql.RandomDataGeneratorSuite" time="0.0">
</testcase>
  <testcase 
  name="StructType(StructField(a,BinaryType,true), StructField(b,StringType,true))" classname="org.apache.spark.sql.RandomDataGeneratorSuite" time="0.0">
</testcase>
  <testcase 
  name="StructType(StructField(a,BinaryType,true), StructField(b,LongType,true))" classname="org.apache.spark.sql.RandomDataGeneratorSuite" time="0.0">
</testcase>
  <testcase 
  name="StructType(StructField(a,BinaryType,true), StructField(b,IntegerType,true))" classname="org.apache.spark.sql.RandomDataGeneratorSuite" time="0.0">
</testcase>
  <testcase 
  name="StructType(StructField(a,BinaryType,true), StructField(b,DecimalType(20,5),true))" classname="org.apache.spark.sql.RandomDataGeneratorSuite" time="0.001">
</testcase>
  <testcase 
  name="StructType(StructField(a,BinaryType,true), StructField(b,TimestampType,true))" classname="org.apache.spark.sql.RandomDataGeneratorSuite" time="0.0">
</testcase>
  <testcase 
  name="StructType(StructField(a,BinaryType,true), StructField(b,DoubleType,true))" classname="org.apache.spark.sql.RandomDataGeneratorSuite" time="0.0">
</testcase>
  <testcase 
  name="StructType(StructField(a,BinaryType,true), StructField(b,DateType,true))" classname="org.apache.spark.sql.RandomDataGeneratorSuite" time="0.0">
</testcase>
  <testcase 
  name="StructType(StructField(a,BinaryType,true), StructField(b,DecimalType(10,0),true))" classname="org.apache.spark.sql.RandomDataGeneratorSuite" time="0.0">
</testcase>
  <testcase 
  name="StructType(StructField(a,BinaryType,true), StructField(b,BinaryType,true))" classname="org.apache.spark.sql.RandomDataGeneratorSuite" time="0.0">
</testcase>
  <testcase 
  name="StructType(StructField(a,BinaryType,true), StructField(b,BooleanType,true))" classname="org.apache.spark.sql.RandomDataGeneratorSuite" time="0.0">
</testcase>
  <testcase 
  name="StructType(StructField(a,BinaryType,true), StructField(b,DecimalType(38,18),true))" classname="org.apache.spark.sql.RandomDataGeneratorSuite" time="0.001">
</testcase>
  <testcase 
  name="StructType(StructField(a,BinaryType,true), StructField(b,ByteType,true))" classname="org.apache.spark.sql.RandomDataGeneratorSuite" time="0.0">
</testcase>
  <testcase 
  name="StructType(StructField(a,BinaryType,true), StructField(b,FloatType,true))" classname="org.apache.spark.sql.RandomDataGeneratorSuite" time="0.0">
</testcase>
  <testcase 
  name="StructType(StructField(a,BinaryType,true), StructField(b,ShortType,true))" classname="org.apache.spark.sql.RandomDataGeneratorSuite" time="0.0">
</testcase>
  <testcase 
  name="StructType(StructField(a,BooleanType,true), StructField(b,StringType,true))" classname="org.apache.spark.sql.RandomDataGeneratorSuite" time="0.0">
</testcase>
  <testcase 
  name="StructType(StructField(a,BooleanType,true), StructField(b,LongType,true))" classname="org.apache.spark.sql.RandomDataGeneratorSuite" time="0.0">
</testcase>
  <testcase 
  name="StructType(StructField(a,BooleanType,true), StructField(b,IntegerType,true))" classname="org.apache.spark.sql.RandomDataGeneratorSuite" time="0.0">
</testcase>
  <testcase 
  name="StructType(StructField(a,BooleanType,true), StructField(b,DecimalType(20,5),true))" classname="org.apache.spark.sql.RandomDataGeneratorSuite" time="0.0">
</testcase>
  <testcase 
  name="StructType(StructField(a,BooleanType,true), StructField(b,TimestampType,true))" classname="org.apache.spark.sql.RandomDataGeneratorSuite" time="0.0">
</testcase>
  <testcase 
  name="StructType(StructField(a,BooleanType,true), StructField(b,DoubleType,true))" classname="org.apache.spark.sql.RandomDataGeneratorSuite" time="0.0">
</testcase>
  <testcase 
  name="StructType(StructField(a,BooleanType,true), StructField(b,DateType,true))" classname="org.apache.spark.sql.RandomDataGeneratorSuite" time="0.0">
</testcase>
  <testcase 
  name="StructType(StructField(a,BooleanType,true), StructField(b,DecimalType(10,0),true))" classname="org.apache.spark.sql.RandomDataGeneratorSuite" time="0.0">
</testcase>
  <testcase 
  name="StructType(StructField(a,BooleanType,true), StructField(b,BinaryType,true))" classname="org.apache.spark.sql.RandomDataGeneratorSuite" time="0.0">
</testcase>
  <testcase 
  name="StructType(StructField(a,BooleanType,true), StructField(b,BooleanType,true))" classname="org.apache.spark.sql.RandomDataGeneratorSuite" time="0.0">
</testcase>
  <testcase 
  name="StructType(StructField(a,BooleanType,true), StructField(b,DecimalType(38,18),true))" classname="org.apache.spark.sql.RandomDataGeneratorSuite" time="0.0">
</testcase>
  <testcase 
  name="StructType(StructField(a,BooleanType,true), StructField(b,ByteType,true))" classname="org.apache.spark.sql.RandomDataGeneratorSuite" time="0.0">
</testcase>
  <testcase 
  name="StructType(StructField(a,BooleanType,true), StructField(b,FloatType,true))" classname="org.apache.spark.sql.RandomDataGeneratorSuite" time="0.0">
</testcase>
  <testcase 
  name="StructType(StructField(a,BooleanType,true), StructField(b,ShortType,true))" classname="org.apache.spark.sql.RandomDataGeneratorSuite" time="0.0">
</testcase>
  <testcase 
  name="StructType(StructField(a,DecimalType(38,18),true), StructField(b,StringType,true))" classname="org.apache.spark.sql.RandomDataGeneratorSuite" time="0.001">
</testcase>
  <testcase 
  name="StructType(StructField(a,DecimalType(38,18),true), StructField(b,LongType,true))" classname="org.apache.spark.sql.RandomDataGeneratorSuite" time="0.0">
</testcase>
  <testcase 
  name="StructType(StructField(a,DecimalType(38,18),true), StructField(b,IntegerType,true))" classname="org.apache.spark.sql.RandomDataGeneratorSuite" time="0.0">
</testcase>
  <testcase 
  name="StructType(StructField(a,DecimalType(38,18),true), StructField(b,DecimalType(20,5),true))" classname="org.apache.spark.sql.RandomDataGeneratorSuite" time="0.0">
</testcase>
  <testcase 
  name="StructType(StructField(a,DecimalType(38,18),true), StructField(b,TimestampType,true))" classname="org.apache.spark.sql.RandomDataGeneratorSuite" time="0.0">
</testcase>
  <testcase 
  name="StructType(StructField(a,DecimalType(38,18),true), StructField(b,DoubleType,true))" classname="org.apache.spark.sql.RandomDataGeneratorSuite" time="0.0">
</testcase>
  <testcase 
  name="StructType(StructField(a,DecimalType(38,18),true), StructField(b,DateType,true))" classname="org.apache.spark.sql.RandomDataGeneratorSuite" time="0.0">
</testcase>
  <testcase 
  name="StructType(StructField(a,DecimalType(38,18),true), StructField(b,DecimalType(10,0),true))" classname="org.apache.spark.sql.RandomDataGeneratorSuite" time="0.0">
</testcase>
  <testcase 
  name="StructType(StructField(a,DecimalType(38,18),true), StructField(b,BinaryType,true))" classname="org.apache.spark.sql.RandomDataGeneratorSuite" time="0.001">
</testcase>
  <testcase 
  name="StructType(StructField(a,DecimalType(38,18),true), StructField(b,BooleanType,true))" classname="org.apache.spark.sql.RandomDataGeneratorSuite" time="0.0">
</testcase>
  <testcase 
  name="StructType(StructField(a,DecimalType(38,18),true), StructField(b,DecimalType(38,18),true))" classname="org.apache.spark.sql.RandomDataGeneratorSuite" time="0.0">
</testcase>
  <testcase 
  name="StructType(StructField(a,DecimalType(38,18),true), StructField(b,ByteType,true))" classname="org.apache.spark.sql.RandomDataGeneratorSuite" time="0.0">
</testcase>
  <testcase 
  name="StructType(StructField(a,DecimalType(38,18),true), StructField(b,FloatType,true))" classname="org.apache.spark.sql.RandomDataGeneratorSuite" time="0.0">
</testcase>
  <testcase 
  name="StructType(StructField(a,DecimalType(38,18),true), StructField(b,ShortType,true))" classname="org.apache.spark.sql.RandomDataGeneratorSuite" time="0.0">
</testcase>
  <testcase 
  name="StructType(StructField(a,ByteType,true), StructField(b,StringType,true))" classname="org.apache.spark.sql.RandomDataGeneratorSuite" time="0.0">
</testcase>
  <testcase 
  name="StructType(StructField(a,ByteType,true), StructField(b,LongType,true))" classname="org.apache.spark.sql.RandomDataGeneratorSuite" time="0.0">
</testcase>
  <testcase 
  name="StructType(StructField(a,ByteType,true), StructField(b,IntegerType,true))" classname="org.apache.spark.sql.RandomDataGeneratorSuite" time="0.0">
</testcase>
  <testcase 
  name="StructType(StructField(a,ByteType,true), StructField(b,DecimalType(20,5),true))" classname="org.apache.spark.sql.RandomDataGeneratorSuite" time="0.0">
</testcase>
  <testcase 
  name="StructType(StructField(a,ByteType,true), StructField(b,TimestampType,true))" classname="org.apache.spark.sql.RandomDataGeneratorSuite" time="0.0">
</testcase>
  <testcase 
  name="StructType(StructField(a,ByteType,true), StructField(b,DoubleType,true))" classname="org.apache.spark.sql.RandomDataGeneratorSuite" time="0.0">
</testcase>
  <testcase 
  name="StructType(StructField(a,ByteType,true), StructField(b,DateType,true))" classname="org.apache.spark.sql.RandomDataGeneratorSuite" time="0.0">
</testcase>
  <testcase 
  name="StructType(StructField(a,ByteType,true), StructField(b,DecimalType(10,0),true))" classname="org.apache.spark.sql.RandomDataGeneratorSuite" time="0.0">
</testcase>
  <testcase 
  name="StructType(StructField(a,ByteType,true), StructField(b,BinaryType,true))" classname="org.apache.spark.sql.RandomDataGeneratorSuite" time="0.0">
</testcase>
  <testcase 
  name="StructType(StructField(a,ByteType,true), StructField(b,BooleanType,true))" classname="org.apache.spark.sql.RandomDataGeneratorSuite" time="0.0">
</testcase>
  <testcase 
  name="StructType(StructField(a,ByteType,true), StructField(b,DecimalType(38,18),true))" classname="org.apache.spark.sql.RandomDataGeneratorSuite" time="0.0">
</testcase>
  <testcase 
  name="StructType(StructField(a,ByteType,true), StructField(b,ByteType,true))" classname="org.apache.spark.sql.RandomDataGeneratorSuite" time="0.0">
</testcase>
  <testcase 
  name="StructType(StructField(a,ByteType,true), StructField(b,FloatType,true))" classname="org.apache.spark.sql.RandomDataGeneratorSuite" time="0.0">
</testcase>
  <testcase 
  name="StructType(StructField(a,ByteType,true), StructField(b,ShortType,true))" classname="org.apache.spark.sql.RandomDataGeneratorSuite" time="0.0">
</testcase>
  <testcase 
  name="StructType(StructField(a,FloatType,true), StructField(b,StringType,true))" classname="org.apache.spark.sql.RandomDataGeneratorSuite" time="0.001">
</testcase>
  <testcase 
  name="StructType(StructField(a,FloatType,true), StructField(b,LongType,true))" classname="org.apache.spark.sql.RandomDataGeneratorSuite" time="0.0">
</testcase>
  <testcase 
  name="StructType(StructField(a,FloatType,true), StructField(b,IntegerType,true))" classname="org.apache.spark.sql.RandomDataGeneratorSuite" time="0.0">
</testcase>
  <testcase 
  name="StructType(StructField(a,FloatType,true), StructField(b,DecimalType(20,5),true))" classname="org.apache.spark.sql.RandomDataGeneratorSuite" time="0.0">
</testcase>
  <testcase 
  name="StructType(StructField(a,FloatType,true), StructField(b,TimestampType,true))" classname="org.apache.spark.sql.RandomDataGeneratorSuite" time="0.0">
</testcase>
  <testcase 
  name="StructType(StructField(a,FloatType,true), StructField(b,DoubleType,true))" classname="org.apache.spark.sql.RandomDataGeneratorSuite" time="0.0">
</testcase>
  <testcase 
  name="StructType(StructField(a,FloatType,true), StructField(b,DateType,true))" classname="org.apache.spark.sql.RandomDataGeneratorSuite" time="0.0">
</testcase>
  <testcase 
  name="StructType(StructField(a,FloatType,true), StructField(b,DecimalType(10,0),true))" classname="org.apache.spark.sql.RandomDataGeneratorSuite" time="0.0">
</testcase>
  <testcase 
  name="StructType(StructField(a,FloatType,true), StructField(b,BinaryType,true))" classname="org.apache.spark.sql.RandomDataGeneratorSuite" time="0.0">
</testcase>
  <testcase 
  name="StructType(StructField(a,FloatType,true), StructField(b,BooleanType,true))" classname="org.apache.spark.sql.RandomDataGeneratorSuite" time="0.0">
</testcase>
  <testcase 
  name="StructType(StructField(a,FloatType,true), StructField(b,DecimalType(38,18),true))" classname="org.apache.spark.sql.RandomDataGeneratorSuite" time="0.0">
</testcase>
  <testcase 
  name="StructType(StructField(a,FloatType,true), StructField(b,ByteType,true))" classname="org.apache.spark.sql.RandomDataGeneratorSuite" time="0.0">
</testcase>
  <testcase 
  name="StructType(StructField(a,FloatType,true), StructField(b,FloatType,true))" classname="org.apache.spark.sql.RandomDataGeneratorSuite" time="0.0">
</testcase>
  <testcase 
  name="StructType(StructField(a,FloatType,true), StructField(b,ShortType,true))" classname="org.apache.spark.sql.RandomDataGeneratorSuite" time="0.0">
</testcase>
  <testcase 
  name="StructType(StructField(a,ShortType,true), StructField(b,StringType,true))" classname="org.apache.spark.sql.RandomDataGeneratorSuite" time="0.0">
</testcase>
  <testcase 
  name="StructType(StructField(a,ShortType,true), StructField(b,LongType,true))" classname="org.apache.spark.sql.RandomDataGeneratorSuite" time="0.0">
</testcase>
  <testcase 
  name="StructType(StructField(a,ShortType,true), StructField(b,IntegerType,true))" classname="org.apache.spark.sql.RandomDataGeneratorSuite" time="0.0">
</testcase>
  <testcase 
  name="StructType(StructField(a,ShortType,true), StructField(b,DecimalType(20,5),true))" classname="org.apache.spark.sql.RandomDataGeneratorSuite" time="0.0">
</testcase>
  <testcase 
  name="StructType(StructField(a,ShortType,true), StructField(b,TimestampType,true))" classname="org.apache.spark.sql.RandomDataGeneratorSuite" time="0.0">
</testcase>
  <testcase 
  name="StructType(StructField(a,ShortType,true), StructField(b,DoubleType,true))" classname="org.apache.spark.sql.RandomDataGeneratorSuite" time="0.0">
</testcase>
  <testcase 
  name="StructType(StructField(a,ShortType,true), StructField(b,DateType,true))" classname="org.apache.spark.sql.RandomDataGeneratorSuite" time="0.0">
</testcase>
  <testcase 
  name="StructType(StructField(a,ShortType,true), StructField(b,DecimalType(10,0),true))" classname="org.apache.spark.sql.RandomDataGeneratorSuite" time="0.0">
</testcase>
  <testcase 
  name="StructType(StructField(a,ShortType,true), StructField(b,BinaryType,true))" classname="org.apache.spark.sql.RandomDataGeneratorSuite" time="0.0">
</testcase>
  <testcase 
  name="StructType(StructField(a,ShortType,true), StructField(b,BooleanType,true))" classname="org.apache.spark.sql.RandomDataGeneratorSuite" time="0.0">
</testcase>
  <testcase 
  name="StructType(StructField(a,ShortType,true), StructField(b,DecimalType(38,18),true))" classname="org.apache.spark.sql.RandomDataGeneratorSuite" time="0.0">
</testcase>
  <testcase 
  name="StructType(StructField(a,ShortType,true), StructField(b,ByteType,true))" classname="org.apache.spark.sql.RandomDataGeneratorSuite" time="0.0">
</testcase>
  <testcase 
  name="StructType(StructField(a,ShortType,true), StructField(b,FloatType,true))" classname="org.apache.spark.sql.RandomDataGeneratorSuite" time="0.0">
</testcase>
  <testcase 
  name="StructType(StructField(a,ShortType,true), StructField(b,ShortType,true))" classname="org.apache.spark.sql.RandomDataGeneratorSuite" time="0.0">
</testcase>
  <testcase 
  name="check size of generated map" classname="org.apache.spark.sql.RandomDataGeneratorSuite" time="2.248">
</testcase>
  <testcase 
  name="Use Float.NaN for all NaN values" classname="org.apache.spark.sql.RandomDataGeneratorSuite" time="0.001">
</testcase>
  <testcase 
  name="Use Double.NaN for all NaN values" classname="org.apache.spark.sql.RandomDataGeneratorSuite" time="0.0">
</testcase>
  <system-out><![CDATA[]]></system-out>
  <system-err><![CDATA[]]></system-err>
</testsuite>
