<?xml version="1.0" encoding="UTF-8" ?>
<testsuite 
errors="0" failures="0" hostname="czp" name="org.apache.spark.sql.catalyst.util.NumberConverterSuite" tests="5" time="0.003" timestamp="2020-01-07T15:04:44">
  <properties>
[...]
</properties>
  <testcase 
  name="convert" classname="org.apache.spark.sql.catalyst.util.NumberConverterSuite" time="0.0">
</testcase>
  <testcase 
  name="byte to binary" classname="org.apache.spark.sql.catalyst.util.NumberConverterSuite" time="0.001">
</testcase>
  <testcase 
  name="short to binary" classname="org.apache.spark.sql.catalyst.util.NumberConverterSuite" time="0.0">
</testcase>
  <testcase 
  name="integer to binary" classname="org.apache.spark.sql.catalyst.util.NumberConverterSuite" time="0.0">
</testcase>
  <testcase 
  name="long to binary" classname="org.apache.spark.sql.catalyst.util.NumberConverterSuite" time="0.0">
</testcase>
  <system-out><![CDATA[]]></system-out>
  <system-err><![CDATA[]]></system-err>
</testsuite>
