<?xml version="1.0" encoding="UTF-8" ?>
<testsuite 
errors="0" failures="0" hostname="czp" name="org.apache.spark.sql.types.DataTypeSuite" tests="113" time="0.064" timestamp="2020-01-07T15:03:45">
  <properties>
[...]
</properties>
  <testcase 
  name="construct an ArrayType" classname="org.apache.spark.sql.types.DataTypeSuite" time="0.0">
</testcase>
  <testcase 
  name="construct an MapType" classname="org.apache.spark.sql.types.DataTypeSuite" time="0.0">
</testcase>
  <testcase 
  name="construct with add" classname="org.apache.spark.sql.types.DataTypeSuite" time="0.001">
</testcase>
  <testcase 
  name="construct with add from StructField" classname="org.apache.spark.sql.types.DataTypeSuite" time="0.0">
</testcase>
  <testcase 
  name="construct with add from StructField with comments" classname="org.apache.spark.sql.types.DataTypeSuite" time="0.001">
</testcase>
  <testcase 
  name="construct with String DataType" classname="org.apache.spark.sql.types.DataTypeSuite" time="0.0">
</testcase>
  <testcase 
  name="extract fields from a StructType" classname="org.apache.spark.sql.types.DataTypeSuite" time="0.001">
</testcase>
  <testcase 
  name="extract field index from a StructType" classname="org.apache.spark.sql.types.DataTypeSuite" time="0.001">
</testcase>
  <testcase 
  name="fieldsMap returns map of name to StructField" classname="org.apache.spark.sql.types.DataTypeSuite" time="0.0">
</testcase>
  <testcase 
  name="fieldNames and names returns field names" classname="org.apache.spark.sql.types.DataTypeSuite" time="0.0">
</testcase>
  <testcase 
  name="merge where right contains type conflict" classname="org.apache.spark.sql.types.DataTypeSuite" time="0.002">
</testcase>
  <testcase 
  name="existsRecursively" classname="org.apache.spark.sql.types.DataTypeSuite" time="0.002">
</testcase>
  <testcase 
  name="from Json - NullType" classname="org.apache.spark.sql.types.DataTypeSuite" time="0.021">
</testcase>
  <testcase 
  name="from Json - BooleanType" classname="org.apache.spark.sql.types.DataTypeSuite" time="0.0">
</testcase>
  <testcase 
  name="from DDL - BooleanType" classname="org.apache.spark.sql.types.DataTypeSuite" time="0.001">
</testcase>
  <testcase 
  name="from Json - ByteType" classname="org.apache.spark.sql.types.DataTypeSuite" time="0.0">
</testcase>
  <testcase 
  name="from DDL - ByteType" classname="org.apache.spark.sql.types.DataTypeSuite" time="0.0">
</testcase>
  <testcase 
  name="from Json - ShortType" classname="org.apache.spark.sql.types.DataTypeSuite" time="0.0">
</testcase>
  <testcase 
  name="from DDL - ShortType" classname="org.apache.spark.sql.types.DataTypeSuite" time="0.0">
</testcase>
  <testcase 
  name="from Json - IntegerType" classname="org.apache.spark.sql.types.DataTypeSuite" time="0.0">
</testcase>
  <testcase 
  name="from DDL - IntegerType" classname="org.apache.spark.sql.types.DataTypeSuite" time="0.0">
</testcase>
  <testcase 
  name="from Json - LongType" classname="org.apache.spark.sql.types.DataTypeSuite" time="0.0">
</testcase>
  <testcase 
  name="from DDL - LongType" classname="org.apache.spark.sql.types.DataTypeSuite" time="0.0">
</testcase>
  <testcase 
  name="from Json - FloatType" classname="org.apache.spark.sql.types.DataTypeSuite" time="0.0">
</testcase>
  <testcase 
  name="from DDL - FloatType" classname="org.apache.spark.sql.types.DataTypeSuite" time="0.0">
</testcase>
  <testcase 
  name="from Json - DoubleType" classname="org.apache.spark.sql.types.DataTypeSuite" time="0.0">
</testcase>
  <testcase 
  name="from DDL - DoubleType" classname="org.apache.spark.sql.types.DataTypeSuite" time="0.0">
</testcase>
  <testcase 
  name="from Json - DecimalType(10,5)" classname="org.apache.spark.sql.types.DataTypeSuite" time="0.0">
</testcase>
  <testcase 
  name="from DDL - DecimalType(10,5)" classname="org.apache.spark.sql.types.DataTypeSuite" time="0.001">
</testcase>
  <testcase 
  name="from Json - DecimalType(38,18)" classname="org.apache.spark.sql.types.DataTypeSuite" time="0.0">
</testcase>
  <testcase 
  name="from DDL - DecimalType(38,18)" classname="org.apache.spark.sql.types.DataTypeSuite" time="0.0">
</testcase>
  <testcase 
  name="from Json - DateType" classname="org.apache.spark.sql.types.DataTypeSuite" time="0.0">
</testcase>
  <testcase 
  name="from DDL - DateType" classname="org.apache.spark.sql.types.DataTypeSuite" time="0.0">
</testcase>
  <testcase 
  name="from Json - TimestampType" classname="org.apache.spark.sql.types.DataTypeSuite" time="0.001">
</testcase>
  <testcase 
  name="from DDL - TimestampType" classname="org.apache.spark.sql.types.DataTypeSuite" time="0.0">
</testcase>
  <testcase 
  name="from Json - StringType" classname="org.apache.spark.sql.types.DataTypeSuite" time="0.0">
</testcase>
  <testcase 
  name="from DDL - StringType" classname="org.apache.spark.sql.types.DataTypeSuite" time="0.0">
</testcase>
  <testcase 
  name="from Json - BinaryType" classname="org.apache.spark.sql.types.DataTypeSuite" time="0.0">
</testcase>
  <testcase 
  name="from DDL - BinaryType" classname="org.apache.spark.sql.types.DataTypeSuite" time="0.0">
</testcase>
  <testcase 
  name="from Json - ArrayType(DoubleType,true)" classname="org.apache.spark.sql.types.DataTypeSuite" time="0.003">
</testcase>
  <testcase 
  name="from DDL - ArrayType(DoubleType,true)" classname="org.apache.spark.sql.types.DataTypeSuite" time="0.0">
</testcase>
  <testcase 
  name="from Json - ArrayType(StringType,false)" classname="org.apache.spark.sql.types.DataTypeSuite" time="0.0">
</testcase>
  <testcase 
  name="from DDL - ArrayType(StringType,false)" classname="org.apache.spark.sql.types.DataTypeSuite" time="0.0">
</testcase>
  <testcase 
  name="from Json - MapType(IntegerType,StringType,true)" classname="org.apache.spark.sql.types.DataTypeSuite" time="0.001">
</testcase>
  <testcase 
  name="from DDL - MapType(IntegerType,StringType,true)" classname="org.apache.spark.sql.types.DataTypeSuite" time="0.001">
</testcase>
  <testcase 
  name="from Json - MapType(IntegerType,ArrayType(DoubleType,true),false)" classname="org.apache.spark.sql.types.DataTypeSuite" time="0.0">
</testcase>
  <testcase 
  name="from DDL - MapType(IntegerType,ArrayType(DoubleType,true),false)" classname="org.apache.spark.sql.types.DataTypeSuite" time="0.0">
</testcase>
  <testcase 
  name="from Json - StructType(StructField(a,IntegerType,true), StructField(b,ArrayType(DoubleType,true),false), StructField(c,DoubleType,false))" classname="org.apache.spark.sql.types.DataTypeSuite" time="0.003">
</testcase>
  <testcase 
  name="from DDL - StructType(StructField(a,IntegerType,true), StructField(b,ArrayType(DoubleType,true),false), StructField(c,DoubleType,false))" classname="org.apache.spark.sql.types.DataTypeSuite" time="0.0">
</testcase>
  <testcase 
  name="fromJson throws an exception when given type string is invalid" classname="org.apache.spark.sql.types.DataTypeSuite" time="0.002">
</testcase>
  <testcase 
  name="Check the default size of NullType" classname="org.apache.spark.sql.types.DataTypeSuite" time="0.001">
</testcase>
  <testcase 
  name="Check the default size of BooleanType" classname="org.apache.spark.sql.types.DataTypeSuite" time="0.0">
</testcase>
  <testcase 
  name="Check the default size of ByteType" classname="org.apache.spark.sql.types.DataTypeSuite" time="0.0">
</testcase>
  <testcase 
  name="Check the default size of ShortType" classname="org.apache.spark.sql.types.DataTypeSuite" time="0.0">
</testcase>
  <testcase 
  name="Check the default size of IntegerType" classname="org.apache.spark.sql.types.DataTypeSuite" time="0.0">
</testcase>
  <testcase 
  name="Check the default size of LongType" classname="org.apache.spark.sql.types.DataTypeSuite" time="0.0">
</testcase>
  <testcase 
  name="Check the default size of FloatType" classname="org.apache.spark.sql.types.DataTypeSuite" time="0.0">
</testcase>
  <testcase 
  name="Check the default size of DoubleType" classname="org.apache.spark.sql.types.DataTypeSuite" time="0.0">
</testcase>
  <testcase 
  name="Check the default size of DecimalType(10,5)" classname="org.apache.spark.sql.types.DataTypeSuite" time="0.0">
</testcase>
  <testcase 
  name="Check the default size of DecimalType(38,18)" classname="org.apache.spark.sql.types.DataTypeSuite" time="0.001">
</testcase>
  <testcase 
  name="Check the default size of DateType" classname="org.apache.spark.sql.types.DataTypeSuite" time="0.0">
</testcase>
  <testcase 
  name="Check the default size of TimestampType" classname="org.apache.spark.sql.types.DataTypeSuite" time="0.0">
</testcase>
  <testcase 
  name="Check the default size of StringType" classname="org.apache.spark.sql.types.DataTypeSuite" time="0.0">
</testcase>
  <testcase 
  name="Check the default size of BinaryType" classname="org.apache.spark.sql.types.DataTypeSuite" time="0.0">
</testcase>
  <testcase 
  name="Check the default size of ArrayType(DoubleType,true)" classname="org.apache.spark.sql.types.DataTypeSuite" time="0.0">
</testcase>
  <testcase 
  name="Check the default size of ArrayType(StringType,false)" classname="org.apache.spark.sql.types.DataTypeSuite" time="0.0">
</testcase>
  <testcase 
  name="Check the default size of MapType(IntegerType,StringType,true)" classname="org.apache.spark.sql.types.DataTypeSuite" time="0.0">
</testcase>
  <testcase 
  name="Check the default size of MapType(IntegerType,ArrayType(DoubleType,true),false)" classname="org.apache.spark.sql.types.DataTypeSuite" time="0.0">
</testcase>
  <testcase 
  name="Check the default size of StructType(StructField(a,IntegerType,true), StructField(b,ArrayType(DoubleType,true),false), StructField(c,DoubleType,false))" classname="org.apache.spark.sql.types.DataTypeSuite" time="0.001">
</testcase>
  <testcase 
  name="equalsIgnoreCompatibleNullability: (from: ArrayType(DoubleType,true), to: ArrayType(DoubleType,true))" classname="org.apache.spark.sql.types.DataTypeSuite" time="0.0">
</testcase>
  <testcase 
  name="equalsIgnoreCompatibleNullability: (from: ArrayType(DoubleType,false), to: ArrayType(DoubleType,false))" classname="org.apache.spark.sql.types.DataTypeSuite" time="0.0">
</testcase>
  <testcase 
  name="equalsIgnoreCompatibleNullability: (from: ArrayType(DoubleType,false), to: ArrayType(DoubleType,true))" classname="org.apache.spark.sql.types.DataTypeSuite" time="0.0">
</testcase>
  <testcase 
  name="equalsIgnoreCompatibleNullability: (from: ArrayType(DoubleType,true), to: ArrayType(DoubleType,false))" classname="org.apache.spark.sql.types.DataTypeSuite" time="0.0">
</testcase>
  <testcase 
  name="equalsIgnoreCompatibleNullability: (from: ArrayType(DoubleType,false), to: ArrayType(StringType,false))" classname="org.apache.spark.sql.types.DataTypeSuite" time="0.0">
</testcase>
  <testcase 
  name="equalsIgnoreCompatibleNullability: (from: MapType(StringType,DoubleType,true), to: MapType(StringType,DoubleType,true))" classname="org.apache.spark.sql.types.DataTypeSuite" time="0.0">
</testcase>
  <testcase 
  name="equalsIgnoreCompatibleNullability: (from: MapType(StringType,DoubleType,false), to: MapType(StringType,DoubleType,false))" classname="org.apache.spark.sql.types.DataTypeSuite" time="0.0">
</testcase>
  <testcase 
  name="equalsIgnoreCompatibleNullability: (from: MapType(StringType,DoubleType,false), to: MapType(StringType,DoubleType,true))" classname="org.apache.spark.sql.types.DataTypeSuite" time="0.0">
</testcase>
  <testcase 
  name="equalsIgnoreCompatibleNullability: (from: MapType(StringType,DoubleType,true), to: MapType(StringType,DoubleType,false))" classname="org.apache.spark.sql.types.DataTypeSuite" time="0.0">
</testcase>
  <testcase 
  name="equalsIgnoreCompatibleNullability: (from: MapType(StringType,ArrayType(IntegerType,true),true), to: MapType(StringType,ArrayType(IntegerType,false),true))" classname="org.apache.spark.sql.types.DataTypeSuite" time="0.0">
</testcase>
  <testcase 
  name="equalsIgnoreCompatibleNullability: (from: MapType(StringType,ArrayType(IntegerType,false),true), to: MapType(StringType,ArrayType(IntegerType,true),true))" classname="org.apache.spark.sql.types.DataTypeSuite" time="0.0">
</testcase>
  <testcase 
  name="equalsIgnoreCompatibleNullability: (from: StructType(StructField(a,StringType,true)), to: StructType(StructField(a,StringType,true)))" classname="org.apache.spark.sql.types.DataTypeSuite" time="0.0">
</testcase>
  <testcase 
  name="equalsIgnoreCompatibleNullability: (from: StructType(StructField(a,StringType,false)), to: StructType(StructField(a,StringType,false)))" classname="org.apache.spark.sql.types.DataTypeSuite" time="0.0">
</testcase>
  <testcase 
  name="equalsIgnoreCompatibleNullability: (from: StructType(StructField(a,StringType,false)), to: StructType(StructField(a,StringType,true)))" classname="org.apache.spark.sql.types.DataTypeSuite" time="0.0">
</testcase>
  <testcase 
  name="equalsIgnoreCompatibleNullability: (from: StructType(StructField(a,StringType,true)), to: StructType(StructField(a,StringType,false)))" classname="org.apache.spark.sql.types.DataTypeSuite" time="0.0">
</testcase>
  <testcase 
  name="equalsIgnoreCompatibleNullability: (from: StructType(StructField(a,StringType,false), StructField(b,StringType,true)), to: StructType(StructField(a,StringType,false), StructField(b,StringType,false)))" classname="org.apache.spark.sql.types.DataTypeSuite" time="0.0">
</testcase>
  <testcase 
  name="catalogString: BooleanType" classname="org.apache.spark.sql.types.DataTypeSuite" time="0.001">
</testcase>
  <testcase 
  name="catalogString: ByteType" classname="org.apache.spark.sql.types.DataTypeSuite" time="0.0">
</testcase>
  <testcase 
  name="catalogString: ShortType" classname="org.apache.spark.sql.types.DataTypeSuite" time="0.0">
</testcase>
  <testcase 
  name="catalogString: IntegerType" classname="org.apache.spark.sql.types.DataTypeSuite" time="0.0">
</testcase>
  <testcase 
  name="catalogString: LongType" classname="org.apache.spark.sql.types.DataTypeSuite" time="0.0">
</testcase>
  <testcase 
  name="catalogString: FloatType" classname="org.apache.spark.sql.types.DataTypeSuite" time="0.0">
</testcase>
  <testcase 
  name="catalogString: DoubleType" classname="org.apache.spark.sql.types.DataTypeSuite" time="0.0">
</testcase>
  <testcase 
  name="catalogString: DecimalType(10,5)" classname="org.apache.spark.sql.types.DataTypeSuite" time="0.0">
</testcase>
  <testcase 
  name="catalogString: BinaryType" classname="org.apache.spark.sql.types.DataTypeSuite" time="0.0">
</testcase>
  <testcase 
  name="catalogString: StringType" classname="org.apache.spark.sql.types.DataTypeSuite" time="0.0">
</testcase>
  <testcase 
  name="catalogString: DateType" classname="org.apache.spark.sql.types.DataTypeSuite" time="0.0">
</testcase>
  <testcase 
  name="catalogString: TimestampType" classname="org.apache.spark.sql.types.DataTypeSuite" time="0.0">
</testcase>
  <testcase 
  name="catalogString: StructType(StructField(col0,IntegerType,true), StructField(col1,IntegerType,true), StructField(col2,IntegerType,true), StructField(col3,IntegerType,true))" classname="org.apache.spark.sql.types.DataTypeSuite" time="0.001">
</testcase>
  <testcase 
  name="catalogString: StructType(StructField(col0,IntegerType,true), StructField(col1,IntegerType,true), StructField(col2,IntegerType,true), StructField(col3,IntegerType,true), StructField(col4,IntegerType,true), StructField(col5,IntegerType,true), StructField(col6,IntegerType,true), StructField(col7,IntegerType,true), StructField(col8,IntegerType,true), StructField(col9,IntegerType,true), StructField(col10,IntegerType,true), StructField(col11,IntegerType,true), StructField(col12,IntegerType,true), StructField(col13,IntegerType,true), StructField(col14,IntegerType,true), StructField(col15,IntegerType,true), StructField(col16,IntegerType,true), StructField(col17,IntegerType,true), StructField(col18,IntegerType,true), StructField(col19,IntegerType,true), StructField(col20,IntegerType,true), StructField(col21,IntegerType,true), StructField(col22,IntegerType,true), StructField(col23,IntegerType,true), StructField(col24,IntegerType,true), StructField(col25,IntegerType,true), StructField(col26,IntegerType,true), StructField(col27,IntegerType,true), StructField(col28,IntegerType,true), StructField(col29,IntegerType,true), StructField(col30,IntegerType,true), StructField(col31,IntegerType,true), StructField(col32,IntegerType,true), StructField(col33,IntegerType,true), StructField(col34,IntegerType,true), StructField(col35,IntegerType,true), StructField(col36,IntegerType,true), StructField(col37,IntegerType,true), StructField(col38,IntegerType,true), StructField(col39,IntegerType,true))" classname="org.apache.spark.sql.types.DataTypeSuite" time="0.001">
</testcase>
  <testcase 
  name="catalogString: ArrayType(IntegerType,true)" classname="org.apache.spark.sql.types.DataTypeSuite" time="0.0">
</testcase>
  <testcase 
  name="catalogString: ArrayType(StructType(StructField(col0,IntegerType,true), StructField(col1,IntegerType,true), StructField(col2,IntegerType,true), StructField(col3,IntegerType,true), StructField(col4,IntegerType,true), StructField(col5,IntegerType,true), StructField(col6,IntegerType,true), StructField(col7,IntegerType,true), StructField(col8,IntegerType,true), StructField(col9,IntegerType,true), StructField(col10,IntegerType,true), StructField(col11,IntegerType,true), StructField(col12,IntegerType,true), StructField(col13,IntegerType,true), StructField(col14,IntegerType,true), StructField(col15,IntegerType,true), StructField(col16,IntegerType,true), StructField(col17,IntegerType,true), StructField(col18,IntegerType,true), StructField(col19,IntegerType,true), StructField(col20,IntegerType,true), StructField(col21,IntegerType,true), StructField(col22,IntegerType,true), StructField(col23,IntegerType,true), StructField(col24,IntegerType,true), StructField(col25,IntegerType,true), StructField(col26,IntegerType,true), StructField(col27,IntegerType,true), StructField(col28,IntegerType,true), StructField(col29,IntegerType,true), StructField(col30,IntegerType,true), StructField(col31,IntegerType,true), StructField(col32,IntegerType,true), StructField(col33,IntegerType,true), StructField(col34,IntegerType,true), StructField(col35,IntegerType,true), StructField(col36,IntegerType,true), StructField(col37,IntegerType,true), StructField(col38,IntegerType,true), StructField(col39,IntegerType,true)),true)" classname="org.apache.spark.sql.types.DataTypeSuite" time="0.001">
</testcase>
  <testcase 
  name="catalogString: MapType(IntegerType,StringType,true)" classname="org.apache.spark.sql.types.DataTypeSuite" time="0.0">
</testcase>
  <testcase 
  name="catalogString: MapType(IntegerType,StructType(StructField(col0,IntegerType,true), StructField(col1,IntegerType,true), StructField(col2,IntegerType,true), StructField(col3,IntegerType,true), StructField(col4,IntegerType,true), StructField(col5,IntegerType,true), StructField(col6,IntegerType,true), StructField(col7,IntegerType,true), StructField(col8,IntegerType,true), StructField(col9,IntegerType,true), StructField(col10,IntegerType,true), StructField(col11,IntegerType,true), StructField(col12,IntegerType,true), StructField(col13,IntegerType,true), StructField(col14,IntegerType,true), StructField(col15,IntegerType,true), StructField(col16,IntegerType,true), StructField(col17,IntegerType,true), StructField(col18,IntegerType,true), StructField(col19,IntegerType,true), StructField(col20,IntegerType,true), StructField(col21,IntegerType,true), StructField(col22,IntegerType,true), StructField(col23,IntegerType,true), StructField(col24,IntegerType,true), StructField(col25,IntegerType,true), StructField(col26,IntegerType,true), StructField(col27,IntegerType,true), StructField(col28,IntegerType,true), StructField(col29,IntegerType,true), StructField(col30,IntegerType,true), StructField(col31,IntegerType,true), StructField(col32,IntegerType,true), StructField(col33,IntegerType,true), StructField(col34,IntegerType,true), StructField(col35,IntegerType,true), StructField(col36,IntegerType,true), StructField(col37,IntegerType,true), StructField(col38,IntegerType,true), StructField(col39,IntegerType,true)),true)" classname="org.apache.spark.sql.types.DataTypeSuite" time="0.002">
</testcase>
  <testcase 
  name="equalsStructurally: (from: BooleanType, to: BooleanType)" classname="org.apache.spark.sql.types.DataTypeSuite" time="0.0">
</testcase>
  <testcase 
  name="equalsStructurally: (from: IntegerType, to: IntegerType)" classname="org.apache.spark.sql.types.DataTypeSuite" time="0.0">
</testcase>
  <testcase 
  name="equalsStructurally: (from: IntegerType, to: LongType)" classname="org.apache.spark.sql.types.DataTypeSuite" time="0.0">
</testcase>
  <testcase 
  name="equalsStructurally: (from: ArrayType(IntegerType,true), to: ArrayType(IntegerType,true))" classname="org.apache.spark.sql.types.DataTypeSuite" time="0.0">
</testcase>
  <testcase 
  name="equalsStructurally: (from: ArrayType(IntegerType,true), to: ArrayType(IntegerType,false))" classname="org.apache.spark.sql.types.DataTypeSuite" time="0.001">
</testcase>
  <testcase 
  name="equalsStructurally: (from: StructType(StructField(f1,IntegerType,true)), to: StructType(StructField(f2,IntegerType,true)))" classname="org.apache.spark.sql.types.DataTypeSuite" time="0.0">
</testcase>
  <testcase 
  name="equalsStructurally: (from: StructType(StructField(f1,IntegerType,true)), to: StructType(StructField(f2,IntegerType,false)))" classname="org.apache.spark.sql.types.DataTypeSuite" time="0.0">
</testcase>
  <testcase 
  name="equalsStructurally: (from: StructType(StructField(f1,IntegerType,true), StructField(f,StructType(StructField(f2,StringType,true)),true)), to: StructType(StructField(f2,IntegerType,true), StructField(g,StructType(StructField(f1,StringType,true)),true)))" classname="org.apache.spark.sql.types.DataTypeSuite" time="0.0">
</testcase>
  <testcase 
  name="equalsStructurally: (from: StructType(StructField(f1,IntegerType,true), StructField(f,StructType(StructField(f2,StringType,false)),true)), to: StructType(StructField(f2,IntegerType,true), StructField(g,StructType(StructField(f1,StringType,true)),true)))" classname="org.apache.spark.sql.types.DataTypeSuite" time="0.001">
</testcase>
  <testcase 
  name="SPARK-25031: MapType should produce current formatted string for complex types" classname="org.apache.spark.sql.types.DataTypeSuite" time="0.0">
</testcase>
  <system-out><![CDATA[]]></system-out>
  <system-err><![CDATA[]]></system-err>
</testsuite>
